!! Found NAL at offset 4 (0x0004), size 80 (0x0050) 
0.8: forbidden_zero_bit: 0 
0.7: nal->nal_ref_idc: 3 
0.5: nal->nal_unit_type: 7 
1.8: sps->profile_idc: 100 
2.8: sps->constraint_set0_flag: 0 
2.7: sps->constraint_set1_flag: 0 
2.6: sps->constraint_set2_flag: 0 
2.5: sps->constraint_set3_flag: 0 
2.4: sps->constraint_set4_flag: 0 
2.3: sps->constraint_set5_flag: 0 
2.2: reserved_zero_2bits: 0 
3.8: sps->level_idc: 40 
4.8: sps->seq_parameter_set_id: 0 
4.7: sps->chroma_format_idc: 1 
4.4: sps->bit_depth_luma_minus8: 0 
4.3: sps->bit_depth_chroma_minus8: 0 
4.2: sps->qpprime_y_zero_transform_bypass_flag: 0 
4.1: sps->seq_scaling_matrix_present_flag: 1 
5.8: sps->seq_scaling_list_present_flag[ i ]: 1 
5.7: delta_scale: -2 
5.2: delta_scale: 6 
6.3: delta_scale: 0 
6.2: delta_scale: 7 
7.3: delta_scale: 0 
7.2: delta_scale: 0 
7.1: delta_scale: 7 
8.2: delta_scale: 0 
8.1: delta_scale: 0 
9.8: delta_scale: 0 
9.7: delta_scale: 5 
10.8: delta_scale: 0 
10.7: delta_scale: 0 
10.6: delta_scale: 4 
11.7: delta_scale: 0 
11.6: delta_scale: 4 
12.7: sps->seq_scaling_list_present_flag[ i ]: 1 
12.6: delta_scale: -2 
12.1: delta_scale: 6 
13.2: delta_scale: 0 
13.1: delta_scale: 7 
14.2: delta_scale: 0 
14.1: delta_scale: 0 
15.8: delta_scale: 7 
15.1: delta_scale: 0 
16.8: delta_scale: 0 
16.7: delta_scale: 0 
16.6: delta_scale: 5 
17.7: delta_scale: 0 
17.6: delta_scale: 0 
17.5: delta_scale: 4 
18.6: delta_scale: 0 
18.5: delta_scale: 4 
19.6: sps->seq_scaling_list_present_flag[ i ]: 1 
19.5: delta_scale: -2 
20.8: delta_scale: 6 
20.1: delta_scale: 0 
21.8: delta_scale: 7 
21.1: delta_scale: 0 
22.8: delta_scale: 0 
22.7: delta_scale: 7 
23.8: delta_scale: 0 
23.7: delta_scale: 0 
23.6: delta_scale: 0 
23.5: delta_scale: 5 
24.6: delta_scale: 0 
24.5: delta_scale: 0 
24.4: delta_scale: 4 
25.5: delta_scale: 0 
25.4: delta_scale: 4 
26.5: sps->seq_scaling_list_present_flag[ i ]: 1 
26.4: delta_scale: 1 
26.1: delta_scale: 4 
27.2: delta_scale: 0 
27.1: delta_scale: 5 
28.2: delta_scale: 0 
28.1: delta_scale: 0 
29.8: delta_scale: 3 
29.3: delta_scale: 0 
29.2: delta_scale: 0 
29.1: delta_scale: 0 
30.8: delta_scale: 3 
30.3: delta_scale: 0 
30.2: delta_scale: 0 
30.1: delta_scale: 3 
31.4: delta_scale: 0 
31.3: delta_scale: 3 
32.6: sps->seq_scaling_list_present_flag[ i ]: 1 
32.5: delta_scale: 1 
32.2: delta_scale: 4 
33.3: delta_scale: 0 
33.2: delta_scale: 5 
34.3: delta_scale: 0 
34.2: delta_scale: 0 
34.1: delta_scale: 3 
35.4: delta_scale: 0 
35.3: delta_scale: 0 
35.2: delta_scale: 0 
35.1: delta_scale: 3 
36.4: delta_scale: 0 
36.3: delta_scale: 0 
36.2: delta_scale: 3 
37.5: delta_scale: 0 
37.4: delta_scale: 3 
38.7: sps->seq_scaling_list_present_flag[ i ]: 1 
38.6: delta_scale: 1 
38.3: delta_scale: 4 
39.4: delta_scale: 0 
39.3: delta_scale: 5 
40.4: delta_scale: 0 
40.3: delta_scale: 0 
40.2: delta_scale: 3 
41.5: delta_scale: 0 
41.4: delta_scale: 0 
41.3: delta_scale: 0 
41.2: delta_scale: 3 
42.5: delta_scale: 0 
42.4: delta_scale: 0 
42.3: delta_scale: 3 
43.6: delta_scale: 0 
43.5: delta_scale: 3 
44.8: sps->seq_scaling_list_present_flag[ i ]: 1 
44.7: delta_scale: -2 
44.2: delta_scale: 4 
45.3: delta_scale: 0 
45.2: delta_scale: 3 
46.5: delta_scale: -1 
46.2: delta_scale: 1 
47.7: delta_scale: 3 
47.2: delta_scale: 0 
47.1: delta_scale: 0 
48.8: delta_scale: 0 
48.7: delta_scale: 3 
48.2: delta_scale: 0 
48.1: delta_scale: 0 
49.8: delta_scale: 0 
49.7: delta_scale: 0 
49.6: delta_scale: 5 
50.7: delta_scale: 0 
50.6: delta_scale: 0 
50.5: delta_scale: 0 
50.4: delta_scale: 0 
50.3: delta_scale: 0 
50.2: delta_scale: 2 
51.5: delta_scale: 0 
51.4: delta_scale: 0 
51.3: delta_scale: 0 
51.2: delta_scale: 0 
51.1: delta_scale: 0 
52.8: delta_scale: 0 
52.7: delta_scale: 2 
52.2: delta_scale: 0 
52.1: delta_scale: 0 
53.8: delta_scale: 0 
53.7: delta_scale: 0 
53.6: delta_scale: 0 
53.5: delta_scale: 0 
53.4: delta_scale: 0 
53.3: delta_scale: 3 
54.6: delta_scale: 0 
54.5: delta_scale: 0 
54.4: delta_scale: 0 
54.3: delta_scale: 0 
54.2: delta_scale: 0 
54.1: delta_scale: 0 
55.8: delta_scale: 2 
55.3: delta_scale: 0 
55.2: delta_scale: 0 
55.1: delta_scale: 0 
56.8: delta_scale: 0 
56.7: delta_scale: 0 
56.6: delta_scale: 2 
56.1: delta_scale: 0 
57.8: delta_scale: 0 
57.7: delta_scale: 0 
57.6: delta_scale: 0 
57.5: delta_scale: 2 
58.8: delta_scale: 0 
58.7: delta_scale: 0 
58.6: delta_scale: 0 
58.5: delta_scale: 2 
59.8: delta_scale: 0 
59.7: delta_scale: 0 
59.6: delta_scale: 3 
59.1: delta_scale: 0 
60.8: delta_scale: 2 
60.3: sps->seq_scaling_list_present_flag[ i ]: 1 
60.2: delta_scale: 1 
61.7: delta_scale: 3 
61.2: delta_scale: 0 
61.1: delta_scale: 2 
62.4: delta_scale: -1 
62.1: delta_scale: 1 
63.6: delta_scale: 2 
63.1: delta_scale: 0 
64.8: delta_scale: 0 
64.7: delta_scale: 0 
64.6: delta_scale: 2 
64.1: delta_scale: 0 
65.8: delta_scale: 0 
65.7: delta_scale: 0 
65.6: delta_scale: 0 
65.5: delta_scale: 1 
65.2: delta_scale: 0 
65.1: delta_scale: 0 
66.8: delta_scale: 0 
66.7: delta_scale: 0 
66.6: delta_scale: 0 
66.5: delta_scale: 2 
67.8: delta_scale: 0 
67.7: delta_scale: 0 
67.6: delta_scale: 0 
67.5: delta_scale: 0 
67.4: delta_scale: 0 
67.3: delta_scale: 0 
67.2: delta_scale: 1 
68.7: delta_scale: 0 
68.6: delta_scale: 0 
68.5: delta_scale: 0 
68.4: delta_scale: 0 
68.3: delta_scale: 0 
68.2: delta_scale: 0 
68.1: delta_scale: 0 
69.8: delta_scale: 2 
69.3: delta_scale: 0 
69.2: delta_scale: 0 
69.1: delta_scale: 0 
70.8: delta_scale: 0 
70.7: delta_scale: 0 
70.6: delta_scale: 0 
70.5: delta_scale: 1 
70.2: delta_scale: 0 
70.1: delta_scale: 0 
71.8: delta_scale: 0 
71.7: delta_scale: 0 
71.6: delta_scale: 0 
71.5: delta_scale: 2 
72.8: delta_scale: 0 
72.7: delta_scale: 0 
72.6: delta_scale: 0 
72.5: delta_scale: 0 
72.4: delta_scale: 1 
72.1: delta_scale: 0 
73.8: delta_scale: 0 
73.7: delta_scale: 0 
73.6: delta_scale: 2 
73.1: delta_scale: 0 
74.8: delta_scale: 0 
74.7: delta_scale: 1 
74.4: delta_scale: 0 
74.3: delta_scale: 2 
75.6: sps->log2_max_frame_num_minus4: 5 
75.1: sps->pic_order_cnt_type: 0 
76.8: sps->log2_max_pic_order_cnt_lsb_minus4: 6 
76.3: sps->num_ref_frames: 1 
77.8: sps->gaps_in_frame_num_value_allowed_flag: 0 
77.7: sps->pic_width_in_mbs_minus1: 21 
78.6: sps->pic_height_in_map_units_minus1: 17 
79.5: sps->frame_mbs_only_flag: 1 
79.4: sps->direct_8x8_inference_flag: 1 
79.3: sps->frame_cropping_flag: 0 
79.2: sps->vui_parameters_present_flag: 0 
79.1: rbsp_stop_one_bit: 1 
!! Found NAL at offset 88 (0x0058), size 4 (0x0004) 
0.8: forbidden_zero_bit: 0 
0.7: nal->nal_ref_idc: 3 
0.5: nal->nal_unit_type: 8 
1.8: pps->pic_parameter_set_id: 0 
1.7: pps->seq_parameter_set_id: 0 
1.6: pps->entropy_coding_mode_flag: 1 
1.5: pps->pic_order_present_flag: 0 
1.4: pps->num_slice_groups_minus1: 0 
1.3: pps->num_ref_idx_l0_active_minus1: 0 
1.2: pps->num_ref_idx_l1_active_minus1: 0 
1.1: pps->weighted_pred_flag: 0 
2.8: pps->weighted_bipred_idc: 0 
2.6: pps->pic_init_qp_minus26: 0 
2.5: pps->pic_init_qs_minus26: 0 
2.4: pps->chroma_qp_index_offset: 0 
2.3: pps->deblocking_filter_control_present_flag: 1 
2.2: pps->constrained_intra_pred_flag: 0 
2.1: pps->redundant_pic_cnt_present_flag: 0 
3.8: pps->transform_8x8_mode_flag: 1 
3.7: pps->pic_scaling_matrix_present_flag: 0 
3.6: pps->second_chroma_qp_index_offset: 0 
3.5: rbsp_stop_one_bit: 1 
3.4: rbsp_alignment_zero_bit: 0 
3.3: rbsp_alignment_zero_bit: 0 
3.2: rbsp_alignment_zero_bit: 0 
3.1: rbsp_alignment_zero_bit: 0 
!! Found NAL at offset 96 (0x0060), size 9721 (0x25F9) 
0.8: forbidden_zero_bit: 0 
0.7: nal->nal_ref_idc: 3 
0.5: nal->nal_unit_type: 5 
1.8: sh->first_mb_in_slice: 0 
1.7: sh->slice_type: 7 
2.8: sh->pic_parameter_set_id: 0 
2.7: sh->frame_num: 0 
3.6: sh->idr_pic_id: 0 
3.5: sh->pic_order_cnt_lsb: 0 
4.3: sh->drpm.no_output_of_prior_pics_flag: 0 
4.2: sh->drpm.long_term_reference_flag: 0 
4.1: sh->slice_qp_delta: 0 
5.8: sh->disable_deblocking_filter_idc: 0 
5.7: sh->slice_alpha_c0_offset_div2: 0 
5.6: sh->slice_beta_offset_div2: 0 
!! Found NAL at offset 9821 (0x265D), size 2183 (0x0887) 
0.8: forbidden_zero_bit: 0 
0.7: nal->nal_ref_idc: 2 
0.5: nal->nal_unit_type: 1 
1.8: sh->first_mb_in_slice: 0 
1.7: sh->slice_type: 5 
1.2: sh->pic_parameter_set_id: 0 
1.1: sh->frame_num: 1 
3.8: sh->pic_order_cnt_lsb: 2 
4.6: sh->num_ref_idx_active_override_flag: 0 
4.5: sh->rplr.ref_pic_list_reordering_flag_l0: 0 
4.4: sh->drpm.adaptive_ref_pic_marking_mode_flag: 0 
4.3: sh->cabac_init_idc: 0 
4.2: sh->slice_qp_delta: 0 
4.1: sh->disable_deblocking_filter_idc: 0 
5.8: sh->slice_alpha_c0_offset_div2: 0 
5.7: sh->slice_beta_offset_div2: 0 
!! Found NAL at offset 12008 (0x2EE8), size 2502 (0x09C6) 
0.8: forbidden_zero_bit: 0 
0.7: nal->nal_ref_idc: 2 
0.5: nal->nal_unit_type: 1 
1.8: sh->first_mb_in_slice: 0 
1.7: sh->slice_type: 5 
1.2: sh->pic_parameter_set_id: 0 
1.1: sh->frame_num: 2 
3.8: sh->pic_order_cnt_lsb: 4 
4.6: sh->num_ref_idx_active_override_flag: 0 
4.5: sh->rplr.ref_pic_list_reordering_flag_l0: 0 
4.4: sh->drpm.adaptive_ref_pic_marking_mode_flag: 0 
4.3: sh->cabac_init_idc: 0 
4.2: sh->slice_qp_delta: 0 
4.1: sh->disable_deblocking_filter_idc: 0 
5.8: sh->slice_alpha_c0_offset_div2: 0 
5.7: sh->slice_beta_offset_div2: 0 
!! Found NAL at offset 14514 (0x38B2), size 2534 (0x09E6) 
0.8: forbidden_zero_bit: 0 
0.7: nal->nal_ref_idc: 2 
0.5: nal->nal_unit_type: 1 
1.8: sh->first_mb_in_slice: 0 
1.7: sh->slice_type: 5 
1.2: sh->pic_parameter_set_id: 0 
1.1: sh->frame_num: 3 
3.8: sh->pic_order_cnt_lsb: 6 
4.6: sh->num_ref_idx_active_override_flag: 0 
4.5: sh->rplr.ref_pic_list_reordering_flag_l0: 0 
4.4: sh->drpm.adaptive_ref_pic_marking_mode_flag: 0 
4.3: sh->cabac_init_idc: 0 
4.2: sh->slice_qp_delta: 0 
4.1: sh->disable_deblocking_filter_idc: 0 
5.8: sh->slice_alpha_c0_offset_div2: 0 
5.7: sh->slice_beta_offset_div2: 0 
!! Found NAL at offset 17052 (0x429C), size 2491 (0x09BB) 
0.8: forbidden_zero_bit: 0 
0.7: nal->nal_ref_idc: 2 
0.5: nal->nal_unit_type: 1 
1.8: sh->first_mb_in_slice: 0 
1.7: sh->slice_type: 5 
1.2: sh->pic_parameter_set_id: 0 
1.1: sh->frame_num: 4 
3.8: sh->pic_order_cnt_lsb: 8 
4.6: sh->num_ref_idx_active_override_flag: 0 
4.5: sh->rplr.ref_pic_list_reordering_flag_l0: 0 
4.4: sh->drpm.adaptive_ref_pic_marking_mode_flag: 0 
4.3: sh->cabac_init_idc: 0 
4.2: sh->slice_qp_delta: 0 
4.1: sh->disable_deblocking_filter_idc: 0 
5.8: sh->slice_alpha_c0_offset_div2: 0 
5.7: sh->slice_beta_offset_div2: 0 
!! Found NAL at offset 19547 (0x4C5B), size 2554 (0x09FA) 
0.8: forbidden_zero_bit: 0 
0.7: nal->nal_ref_idc: 2 
0.5: nal->nal_unit_type: 1 
1.8: sh->first_mb_in_slice: 0 
1.7: sh->slice_type: 5 
1.2: sh->pic_parameter_set_id: 0 
1.1: sh->frame_num: 5 
3.8: sh->pic_order_cnt_lsb: 10 
4.6: sh->num_ref_idx_active_override_flag: 0 
4.5: sh->rplr.ref_pic_list_reordering_flag_l0: 0 
4.4: sh->drpm.adaptive_ref_pic_marking_mode_flag: 0 
4.3: sh->cabac_init_idc: 0 
4.2: sh->slice_qp_delta: 0 
4.1: sh->disable_deblocking_filter_idc: 0 
5.8: sh->slice_alpha_c0_offset_div2: 0 
5.7: sh->slice_beta_offset_div2: 0 
!! Found NAL at offset 22105 (0x5659), size 2200 (0x0898) 
0.8: forbidden_zero_bit: 0 
0.7: nal->nal_ref_idc: 2 
0.5: nal->nal_unit_type: 1 
1.8: sh->first_mb_in_slice: 0 
1.7: sh->slice_type: 5 
1.2: sh->pic_parameter_set_id: 0 
1.1: sh->frame_num: 6 
3.8: sh->pic_order_cnt_lsb: 12 
4.6: sh->num_ref_idx_active_override_flag: 0 
4.5: sh->rplr.ref_pic_list_reordering_flag_l0: 0 
4.4: sh->drpm.adaptive_ref_pic_marking_mode_flag: 0 
4.3: sh->cabac_init_idc: 0 
4.2: sh->slice_qp_delta: 0 
4.1: sh->disable_deblocking_filter_idc: 0 
5.8: sh->slice_alpha_c0_offset_div2: 0 
5.7: sh->slice_beta_offset_div2: 0 
!! Found NAL at offset 24309 (0x5EF5), size 2431 (0x097F) 
0.8: forbidden_zero_bit: 0 
0.7: nal->nal_ref_idc: 2 
0.5: nal->nal_unit_type: 1 
1.8: sh->first_mb_in_slice: 0 
1.7: sh->slice_type: 5 
1.2: sh->pic_parameter_set_id: 0 
1.1: sh->frame_num: 7 
3.8: sh->pic_order_cnt_lsb: 14 
4.6: sh->num_ref_idx_active_override_flag: 0 
4.5: sh->rplr.ref_pic_list_reordering_flag_l0: 0 
4.4: sh->drpm.adaptive_ref_pic_marking_mode_flag: 0 
4.3: sh->cabac_init_idc: 0 
4.2: sh->slice_qp_delta: 0 
4.1: sh->disable_deblocking_filter_idc: 0 
5.8: sh->slice_alpha_c0_offset_div2: 0 
5.7: sh->slice_beta_offset_div2: 0 
!! Found NAL at offset 26744 (0x6878), size 2374 (0x0946) 
0.8: forbidden_zero_bit: 0 
0.7: nal->nal_ref_idc: 2 
0.5: nal->nal_unit_type: 1 
1.8: sh->first_mb_in_slice: 0 
1.7: sh->slice_type: 5 
1.2: sh->pic_parameter_set_id: 0 
1.1: sh->frame_num: 8 
3.8: sh->pic_order_cnt_lsb: 16 
4.6: sh->num_ref_idx_active_override_flag: 0 
4.5: sh->rplr.ref_pic_list_reordering_flag_l0: 0 
4.4: sh->drpm.adaptive_ref_pic_marking_mode_flag: 0 
4.3: sh->cabac_init_idc: 0 
4.2: sh->slice_qp_delta: 0 
4.1: sh->disable_deblocking_filter_idc: 0 
5.8: sh->slice_alpha_c0_offset_div2: 0 
5.7: sh->slice_beta_offset_div2: 0 
!! Found NAL at offset 29122 (0x71C2), size 2570 (0x0A0A) 
0.8: forbidden_zero_bit: 0 
0.7: nal->nal_ref_idc: 2 
0.5: nal->nal_unit_type: 1 
1.8: sh->first_mb_in_slice: 0 
1.7: sh->slice_type: 5 
1.2: sh->pic_parameter_set_id: 0 
1.1: sh->frame_num: 9 
3.8: sh->pic_order_cnt_lsb: 18 
4.6: sh->num_ref_idx_active_override_flag: 0 
4.5: sh->rplr.ref_pic_list_reordering_flag_l0: 0 
4.4: sh->drpm.adaptive_ref_pic_marking_mode_flag: 0 
4.3: sh->cabac_init_idc: 0 
4.2: sh->slice_qp_delta: 0 
4.1: sh->disable_deblocking_filter_idc: 0 
5.8: sh->slice_alpha_c0_offset_div2: 0 
5.7: sh->slice_beta_offset_div2: 0 
!! Found NAL at offset 31696 (0x7BD0), size 2561 (0x0A01) 
0.8: forbidden_zero_bit: 0 
0.7: nal->nal_ref_idc: 2 
0.5: nal->nal_unit_type: 1 
1.8: sh->first_mb_in_slice: 0 
1.7: sh->slice_type: 5 
1.2: sh->pic_parameter_set_id: 0 
1.1: sh->frame_num: 10 
3.8: sh->pic_order_cnt_lsb: 20 
4.6: sh->num_ref_idx_active_override_flag: 0 
4.5: sh->rplr.ref_pic_list_reordering_flag_l0: 0 
4.4: sh->drpm.adaptive_ref_pic_marking_mode_flag: 0 
4.3: sh->cabac_init_idc: 0 
4.2: sh->slice_qp_delta: 0 
4.1: sh->disable_deblocking_filter_idc: 0 
5.8: sh->slice_alpha_c0_offset_div2: 0 
5.7: sh->slice_beta_offset_div2: 0 
!! Found NAL at offset 34261 (0x85D5), size 2383 (0x094F) 
0.8: forbidden_zero_bit: 0 
0.7: nal->nal_ref_idc: 2 
0.5: nal->nal_unit_type: 1 
1.8: sh->first_mb_in_slice: 0 
1.7: sh->slice_type: 5 
1.2: sh->pic_parameter_set_id: 0 
1.1: sh->frame_num: 11 
3.8: sh->pic_order_cnt_lsb: 22 
4.6: sh->num_ref_idx_active_override_flag: 0 
4.5: sh->rplr.ref_pic_list_reordering_flag_l0: 0 
4.4: sh->drpm.adaptive_ref_pic_marking_mode_flag: 0 
4.3: sh->cabac_init_idc: 0 
4.2: sh->slice_qp_delta: 0 
4.1: sh->disable_deblocking_filter_idc: 0 
5.8: sh->slice_alpha_c0_offset_div2: 0 
5.7: sh->slice_beta_offset_div2: 0 
!! Found NAL at offset 36648 (0x8F28), size 2756 (0x0AC4) 
0.8: forbidden_zero_bit: 0 
0.7: nal->nal_ref_idc: 2 
0.5: nal->nal_unit_type: 1 
1.8: sh->first_mb_in_slice: 0 
1.7: sh->slice_type: 5 
1.2: sh->pic_parameter_set_id: 0 
1.1: sh->frame_num: 12 
3.8: sh->pic_order_cnt_lsb: 24 
4.6: sh->num_ref_idx_active_override_flag: 0 
4.5: sh->rplr.ref_pic_list_reordering_flag_l0: 0 
4.4: sh->drpm.adaptive_ref_pic_marking_mode_flag: 0 
4.3: sh->cabac_init_idc: 0 
4.2: sh->slice_qp_delta: 0 
4.1: sh->disable_deblocking_filter_idc: 0 
5.8: sh->slice_alpha_c0_offset_div2: 0 
5.7: sh->slice_beta_offset_div2: 0 
!! Found NAL at offset 39408 (0x99F0), size 3312 (0x0CF0) 
0.8: forbidden_zero_bit: 0 
0.7: nal->nal_ref_idc: 2 
0.5: nal->nal_unit_type: 1 
1.8: sh->first_mb_in_slice: 0 
1.7: sh->slice_type: 5 
1.2: sh->pic_parameter_set_id: 0 
1.1: sh->frame_num: 13 
3.8: sh->pic_order_cnt_lsb: 26 
4.6: sh->num_ref_idx_active_override_flag: 0 
4.5: sh->rplr.ref_pic_list_reordering_flag_l0: 0 
4.4: sh->drpm.adaptive_ref_pic_marking_mode_flag: 0 
4.3: sh->cabac_init_idc: 0 
4.2: sh->slice_qp_delta: 0 
4.1: sh->disable_deblocking_filter_idc: 0 
5.8: sh->slice_alpha_c0_offset_div2: 0 
5.7: sh->slice_beta_offset_div2: 0 
!! Found NAL at offset 42724 (0xA6E4), size 3144 (0x0C48) 
0.8: forbidden_zero_bit: 0 
0.7: nal->nal_ref_idc: 2 
0.5: nal->nal_unit_type: 1 
1.8: sh->first_mb_in_slice: 0 
1.7: sh->slice_type: 5 
1.2: sh->pic_parameter_set_id: 0 
1.1: sh->frame_num: 14 
3.8: sh->pic_order_cnt_lsb: 28 
4.6: sh->num_ref_idx_active_override_flag: 0 
4.5: sh->rplr.ref_pic_list_reordering_flag_l0: 0 
4.4: sh->drpm.adaptive_ref_pic_marking_mode_flag: 0 
4.3: sh->cabac_init_idc: 0 
4.2: sh->slice_qp_delta: 0 
4.1: sh->disable_deblocking_filter_idc: 0 
5.8: sh->slice_alpha_c0_offset_div2: 0 
5.7: sh->slice_beta_offset_div2: 0 
!! Found NAL at offset 45872 (0xB330), size 2910 (0x0B5E) 
0.8: forbidden_zero_bit: 0 
0.7: nal->nal_ref_idc: 2 
0.5: nal->nal_unit_type: 1 
1.8: sh->first_mb_in_slice: 0 
1.7: sh->slice_type: 5 
1.2: sh->pic_parameter_set_id: 0 
1.1: sh->frame_num: 15 
3.8: sh->pic_order_cnt_lsb: 30 
4.6: sh->num_ref_idx_active_override_flag: 0 
4.5: sh->rplr.ref_pic_list_reordering_flag_l0: 0 
4.4: sh->drpm.adaptive_ref_pic_marking_mode_flag: 0 
4.3: sh->cabac_init_idc: 0 
4.2: sh->slice_qp_delta: 0 
4.1: sh->disable_deblocking_filter_idc: 0 
5.8: sh->slice_alpha_c0_offset_div2: 0 
5.7: sh->slice_beta_offset_div2: 0 
!! Found NAL at offset 48786 (0xBE92), size 2734 (0x0AAE) 
0.8: forbidden_zero_bit: 0 
0.7: nal->nal_ref_idc: 2 
0.5: nal->nal_unit_type: 1 
1.8: sh->first_mb_in_slice: 0 
1.7: sh->slice_type: 5 
1.2: sh->pic_parameter_set_id: 0 
1.1: sh->frame_num: 16 
3.8: sh->pic_order_cnt_lsb: 32 
4.6: sh->num_ref_idx_active_override_flag: 0 
4.5: sh->rplr.ref_pic_list_reordering_flag_l0: 0 
4.4: sh->drpm.adaptive_ref_pic_marking_mode_flag: 0 
4.3: sh->cabac_init_idc: 0 
4.2: sh->slice_qp_delta: 0 
4.1: sh->disable_deblocking_filter_idc: 0 
5.8: sh->slice_alpha_c0_offset_div2: 0 
5.7: sh->slice_beta_offset_div2: 0 
!! Found NAL at offset 51524 (0xC944), size 2611 (0x0A33) 
0.8: forbidden_zero_bit: 0 
0.7: nal->nal_ref_idc: 2 
0.5: nal->nal_unit_type: 1 
1.8: sh->first_mb_in_slice: 0 
1.7: sh->slice_type: 5 
1.2: sh->pic_parameter_set_id: 0 
1.1: sh->frame_num: 17 
3.8: sh->pic_order_cnt_lsb: 34 
4.6: sh->num_ref_idx_active_override_flag: 0 
4.5: sh->rplr.ref_pic_list_reordering_flag_l0: 0 
4.4: sh->drpm.adaptive_ref_pic_marking_mode_flag: 0 
4.3: sh->cabac_init_idc: 0 
4.2: sh->slice_qp_delta: 0 
4.1: sh->disable_deblocking_filter_idc: 0 
5.8: sh->slice_alpha_c0_offset_div2: 0 
5.7: sh->slice_beta_offset_div2: 0 
!! Found NAL at offset 54139 (0xD37B), size 2390 (0x0956) 
0.8: forbidden_zero_bit: 0 
0.7: nal->nal_ref_idc: 2 
0.5: nal->nal_unit_type: 1 
1.8: sh->first_mb_in_slice: 0 
1.7: sh->slice_type: 5 
1.2: sh->pic_parameter_set_id: 0 
1.1: sh->frame_num: 18 
3.8: sh->pic_order_cnt_lsb: 36 
4.6: sh->num_ref_idx_active_override_flag: 0 
4.5: sh->rplr.ref_pic_list_reordering_flag_l0: 0 
4.4: sh->drpm.adaptive_ref_pic_marking_mode_flag: 0 
4.3: sh->cabac_init_idc: 0 
4.2: sh->slice_qp_delta: 0 
4.1: sh->disable_deblocking_filter_idc: 0 
5.8: sh->slice_alpha_c0_offset_div2: 0 
5.7: sh->slice_beta_offset_div2: 0 
!! Found NAL at offset 56533 (0xDCD5), size 2304 (0x0900) 
0.8: forbidden_zero_bit: 0 
0.7: nal->nal_ref_idc: 2 
0.5: nal->nal_unit_type: 1 
1.8: sh->first_mb_in_slice: 0 
1.7: sh->slice_type: 5 
1.2: sh->pic_parameter_set_id: 0 
1.1: sh->frame_num: 19 
3.8: sh->pic_order_cnt_lsb: 38 
4.6: sh->num_ref_idx_active_override_flag: 0 
4.5: sh->rplr.ref_pic_list_reordering_flag_l0: 0 
4.4: sh->drpm.adaptive_ref_pic_marking_mode_flag: 0 
4.3: sh->cabac_init_idc: 0 
4.2: sh->slice_qp_delta: 0 
4.1: sh->disable_deblocking_filter_idc: 0 
5.8: sh->slice_alpha_c0_offset_div2: 0 
5.7: sh->slice_beta_offset_div2: 0 
!! Found NAL at offset 58841 (0xE5D9), size 2063 (0x080F) 
0.8: forbidden_zero_bit: 0 
0.7: nal->nal_ref_idc: 2 
0.5: nal->nal_unit_type: 1 
1.8: sh->first_mb_in_slice: 0 
1.7: sh->slice_type: 5 
1.2: sh->pic_parameter_set_id: 0 
1.1: sh->frame_num: 20 
3.8: sh->pic_order_cnt_lsb: 40 
4.6: sh->num_ref_idx_active_override_flag: 0 
4.5: sh->rplr.ref_pic_list_reordering_flag_l0: 0 
4.4: sh->drpm.adaptive_ref_pic_marking_mode_flag: 0 
4.3: sh->cabac_init_idc: 0 
4.2: sh->slice_qp_delta: 0 
4.1: sh->disable_deblocking_filter_idc: 0 
5.8: sh->slice_alpha_c0_offset_div2: 0 
5.7: sh->slice_beta_offset_div2: 0 
!! Found NAL at offset 60908 (0xEDEC), size 1821 (0x071D) 
0.8: forbidden_zero_bit: 0 
0.7: nal->nal_ref_idc: 2 
0.5: nal->nal_unit_type: 1 
1.8: sh->first_mb_in_slice: 0 
1.7: sh->slice_type: 5 
1.2: sh->pic_parameter_set_id: 0 
1.1: sh->frame_num: 21 
3.8: sh->pic_order_cnt_lsb: 42 
4.6: sh->num_ref_idx_active_override_flag: 0 
4.5: sh->rplr.ref_pic_list_reordering_flag_l0: 0 
4.4: sh->drpm.adaptive_ref_pic_marking_mode_flag: 0 
4.3: sh->cabac_init_idc: 0 
4.2: sh->slice_qp_delta: 0 
4.1: sh->disable_deblocking_filter_idc: 0 
5.8: sh->slice_alpha_c0_offset_div2: 0 
5.7: sh->slice_beta_offset_div2: 0 
!! Found NAL at offset 62733 (0xF50D), size 2089 (0x0829) 
0.8: forbidden_zero_bit: 0 
0.7: nal->nal_ref_idc: 2 
0.5: nal->nal_unit_type: 1 
1.8: sh->first_mb_in_slice: 0 
1.7: sh->slice_type: 5 
1.2: sh->pic_parameter_set_id: 0 
1.1: sh->frame_num: 22 
3.8: sh->pic_order_cnt_lsb: 44 
4.6: sh->num_ref_idx_active_override_flag: 0 
4.5: sh->rplr.ref_pic_list_reordering_flag_l0: 0 
4.4: sh->drpm.adaptive_ref_pic_marking_mode_flag: 0 
4.3: sh->cabac_init_idc: 0 
4.2: sh->slice_qp_delta: 0 
4.1: sh->disable_deblocking_filter_idc: 0 
5.8: sh->slice_alpha_c0_offset_div2: 0 
5.7: sh->slice_beta_offset_div2: 0 
!! Found NAL at offset 64826 (0xFD3A), size 2143 (0x085F) 
0.8: forbidden_zero_bit: 0 
0.7: nal->nal_ref_idc: 2 
0.5: nal->nal_unit_type: 1 
1.8: sh->first_mb_in_slice: 0 
1.7: sh->slice_type: 5 
1.2: sh->pic_parameter_set_id: 0 
1.1: sh->frame_num: 23 
3.8: sh->pic_order_cnt_lsb: 46 
4.6: sh->num_ref_idx_active_override_flag: 0 
4.5: sh->rplr.ref_pic_list_reordering_flag_l0: 0 
4.4: sh->drpm.adaptive_ref_pic_marking_mode_flag: 0 
4.3: sh->cabac_init_idc: 0 
4.2: sh->slice_qp_delta: 0 
4.1: sh->disable_deblocking_filter_idc: 0 
5.8: sh->slice_alpha_c0_offset_div2: 0 
5.7: sh->slice_beta_offset_div2: 0 
!! Found NAL at offset 66973 (0x1059D), size 2280 (0x08E8) 
0.8: forbidden_zero_bit: 0 
0.7: nal->nal_ref_idc: 2 
0.5: nal->nal_unit_type: 1 
1.8: sh->first_mb_in_slice: 0 
1.7: sh->slice_type: 5 
1.2: sh->pic_parameter_set_id: 0 
1.1: sh->frame_num: 24 
3.8: sh->pic_order_cnt_lsb: 48 
4.6: sh->num_ref_idx_active_override_flag: 0 
4.5: sh->rplr.ref_pic_list_reordering_flag_l0: 0 
4.4: sh->drpm.adaptive_ref_pic_marking_mode_flag: 0 
4.3: sh->cabac_init_idc: 0 
4.2: sh->slice_qp_delta: 0 
4.1: sh->disable_deblocking_filter_idc: 0 
5.8: sh->slice_alpha_c0_offset_div2: 0 
5.7: sh->slice_beta_offset_div2: 0 
!! Found NAL at offset 69257 (0x10E89), size 2261 (0x08D5) 
0.8: forbidden_zero_bit: 0 
0.7: nal->nal_ref_idc: 2 
0.5: nal->nal_unit_type: 1 
1.8: sh->first_mb_in_slice: 0 
1.7: sh->slice_type: 5 
1.2: sh->pic_parameter_set_id: 0 
1.1: sh->frame_num: 25 
3.8: sh->pic_order_cnt_lsb: 50 
4.6: sh->num_ref_idx_active_override_flag: 0 
4.5: sh->rplr.ref_pic_list_reordering_flag_l0: 0 
4.4: sh->drpm.adaptive_ref_pic_marking_mode_flag: 0 
4.3: sh->cabac_init_idc: 0 
4.2: sh->slice_qp_delta: 0 
4.1: sh->disable_deblocking_filter_idc: 0 
5.8: sh->slice_alpha_c0_offset_div2: 0 
5.7: sh->slice_beta_offset_div2: 0 
!! Found NAL at offset 71522 (0x11762), size 1992 (0x07C8) 
0.8: forbidden_zero_bit: 0 
0.7: nal->nal_ref_idc: 2 
0.5: nal->nal_unit_type: 1 
1.8: sh->first_mb_in_slice: 0 
1.7: sh->slice_type: 5 
1.2: sh->pic_parameter_set_id: 0 
1.1: sh->frame_num: 26 
3.8: sh->pic_order_cnt_lsb: 52 
4.6: sh->num_ref_idx_active_override_flag: 0 
4.5: sh->rplr.ref_pic_list_reordering_flag_l0: 0 
4.4: sh->drpm.adaptive_ref_pic_marking_mode_flag: 0 
4.3: sh->cabac_init_idc: 0 
4.2: sh->slice_qp_delta: 0 
4.1: sh->disable_deblocking_filter_idc: 0 
5.8: sh->slice_alpha_c0_offset_div2: 0 
5.7: sh->slice_beta_offset_div2: 0 
!! Found NAL at offset 73518 (0x11F2E), size 1284 (0x0504) 
0.8: forbidden_zero_bit: 0 
0.7: nal->nal_ref_idc: 2 
0.5: nal->nal_unit_type: 1 
1.8: sh->first_mb_in_slice: 0 
1.7: sh->slice_type: 5 
1.2: sh->pic_parameter_set_id: 0 
1.1: sh->frame_num: 27 
3.8: sh->pic_order_cnt_lsb: 54 
4.6: sh->num_ref_idx_active_override_flag: 0 
4.5: sh->rplr.ref_pic_list_reordering_flag_l0: 0 
4.4: sh->drpm.adaptive_ref_pic_marking_mode_flag: 0 
4.3: sh->cabac_init_idc: 0 
4.2: sh->slice_qp_delta: 0 
4.1: sh->disable_deblocking_filter_idc: 0 
5.8: sh->slice_alpha_c0_offset_div2: 0 
5.7: sh->slice_beta_offset_div2: 0 
!! Found NAL at offset 74806 (0x12436), size 1548 (0x060C) 
0.8: forbidden_zero_bit: 0 
0.7: nal->nal_ref_idc: 2 
0.5: nal->nal_unit_type: 1 
1.8: sh->first_mb_in_slice: 0 
1.7: sh->slice_type: 5 
1.2: sh->pic_parameter_set_id: 0 
1.1: sh->frame_num: 28 
3.8: sh->pic_order_cnt_lsb: 56 
4.6: sh->num_ref_idx_active_override_flag: 0 
4.5: sh->rplr.ref_pic_list_reordering_flag_l0: 0 
4.4: sh->drpm.adaptive_ref_pic_marking_mode_flag: 0 
4.3: sh->cabac_init_idc: 0 
4.2: sh->slice_qp_delta: 0 
4.1: sh->disable_deblocking_filter_idc: 0 
5.8: sh->slice_alpha_c0_offset_div2: 0 
5.7: sh->slice_beta_offset_div2: 0 
!! Found NAL at offset 76358 (0x12A46), size 1250 (0x04E2) 
0.8: forbidden_zero_bit: 0 
0.7: nal->nal_ref_idc: 2 
0.5: nal->nal_unit_type: 1 
1.8: sh->first_mb_in_slice: 0 
1.7: sh->slice_type: 5 
1.2: sh->pic_parameter_set_id: 0 
1.1: sh->frame_num: 29 
3.8: sh->pic_order_cnt_lsb: 58 
4.6: sh->num_ref_idx_active_override_flag: 0 
4.5: sh->rplr.ref_pic_list_reordering_flag_l0: 0 
4.4: sh->drpm.adaptive_ref_pic_marking_mode_flag: 0 
4.3: sh->cabac_init_idc: 0 
4.2: sh->slice_qp_delta: 0 
4.1: sh->disable_deblocking_filter_idc: 0 
5.8: sh->slice_alpha_c0_offset_div2: 0 
5.7: sh->slice_beta_offset_div2: 0 
!! Found NAL at offset 77612 (0x12F2C), size 1582 (0x062E) 
0.8: forbidden_zero_bit: 0 
0.7: nal->nal_ref_idc: 2 
0.5: nal->nal_unit_type: 1 
1.8: sh->first_mb_in_slice: 0 
1.7: sh->slice_type: 5 
1.2: sh->pic_parameter_set_id: 0 
1.1: sh->frame_num: 30 
3.8: sh->pic_order_cnt_lsb: 60 
4.6: sh->num_ref_idx_active_override_flag: 0 
4.5: sh->rplr.ref_pic_list_reordering_flag_l0: 0 
4.4: sh->drpm.adaptive_ref_pic_marking_mode_flag: 0 
4.3: sh->cabac_init_idc: 0 
4.2: sh->slice_qp_delta: 0 
4.1: sh->disable_deblocking_filter_idc: 0 
5.8: sh->slice_alpha_c0_offset_div2: 0 
5.7: sh->slice_beta_offset_div2: 0 
!! Found NAL at offset 79198 (0x1355E), size 1882 (0x075A) 
0.8: forbidden_zero_bit: 0 
0.7: nal->nal_ref_idc: 2 
0.5: nal->nal_unit_type: 1 
1.8: sh->first_mb_in_slice: 0 
1.7: sh->slice_type: 5 
1.2: sh->pic_parameter_set_id: 0 
1.1: sh->frame_num: 31 
3.8: sh->pic_order_cnt_lsb: 62 
4.6: sh->num_ref_idx_active_override_flag: 0 
4.5: sh->rplr.ref_pic_list_reordering_flag_l0: 0 
4.4: sh->drpm.adaptive_ref_pic_marking_mode_flag: 0 
4.3: sh->cabac_init_idc: 0 
4.2: sh->slice_qp_delta: 0 
4.1: sh->disable_deblocking_filter_idc: 0 
5.8: sh->slice_alpha_c0_offset_div2: 0 
5.7: sh->slice_beta_offset_div2: 0 
!! Found NAL at offset 81084 (0x13CBC), size 2263 (0x08D7) 
0.8: forbidden_zero_bit: 0 
0.7: nal->nal_ref_idc: 2 
0.5: nal->nal_unit_type: 1 
1.8: sh->first_mb_in_slice: 0 
1.7: sh->slice_type: 5 
1.2: sh->pic_parameter_set_id: 0 
1.1: sh->frame_num: 32 
3.8: sh->pic_order_cnt_lsb: 64 
4.6: sh->num_ref_idx_active_override_flag: 0 
4.5: sh->rplr.ref_pic_list_reordering_flag_l0: 0 
4.4: sh->drpm.adaptive_ref_pic_marking_mode_flag: 0 
4.3: sh->cabac_init_idc: 0 
4.2: sh->slice_qp_delta: 0 
4.1: sh->disable_deblocking_filter_idc: 0 
5.8: sh->slice_alpha_c0_offset_div2: 0 
5.7: sh->slice_beta_offset_div2: 0 
!! Found NAL at offset 83351 (0x14597), size 2190 (0x088E) 
0.8: forbidden_zero_bit: 0 
0.7: nal->nal_ref_idc: 2 
0.5: nal->nal_unit_type: 1 
1.8: sh->first_mb_in_slice: 0 
1.7: sh->slice_type: 5 
1.2: sh->pic_parameter_set_id: 0 
1.1: sh->frame_num: 33 
3.8: sh->pic_order_cnt_lsb: 66 
4.6: sh->num_ref_idx_active_override_flag: 0 
4.5: sh->rplr.ref_pic_list_reordering_flag_l0: 0 
4.4: sh->drpm.adaptive_ref_pic_marking_mode_flag: 0 
4.3: sh->cabac_init_idc: 0 
4.2: sh->slice_qp_delta: 0 
4.1: sh->disable_deblocking_filter_idc: 0 
5.8: sh->slice_alpha_c0_offset_div2: 0 
5.7: sh->slice_beta_offset_div2: 0 
!! Found NAL at offset 85545 (0x14E29), size 2069 (0x0815) 
0.8: forbidden_zero_bit: 0 
0.7: nal->nal_ref_idc: 2 
0.5: nal->nal_unit_type: 1 
1.8: sh->first_mb_in_slice: 0 
1.7: sh->slice_type: 5 
1.2: sh->pic_parameter_set_id: 0 
1.1: sh->frame_num: 34 
3.8: sh->pic_order_cnt_lsb: 68 
4.6: sh->num_ref_idx_active_override_flag: 0 
4.5: sh->rplr.ref_pic_list_reordering_flag_l0: 0 
4.4: sh->drpm.adaptive_ref_pic_marking_mode_flag: 0 
4.3: sh->cabac_init_idc: 0 
4.2: sh->slice_qp_delta: 0 
4.1: sh->disable_deblocking_filter_idc: 0 
5.8: sh->slice_alpha_c0_offset_div2: 0 
5.7: sh->slice_beta_offset_div2: 0 
!! Found NAL at offset 87618 (0x15642), size 2019 (0x07E3) 
0.8: forbidden_zero_bit: 0 
0.7: nal->nal_ref_idc: 2 
0.5: nal->nal_unit_type: 1 
1.8: sh->first_mb_in_slice: 0 
1.7: sh->slice_type: 5 
1.2: sh->pic_parameter_set_id: 0 
1.1: sh->frame_num: 35 
3.8: sh->pic_order_cnt_lsb: 70 
4.6: sh->num_ref_idx_active_override_flag: 0 
4.5: sh->rplr.ref_pic_list_reordering_flag_l0: 0 
4.4: sh->drpm.adaptive_ref_pic_marking_mode_flag: 0 
4.3: sh->cabac_init_idc: 0 
4.2: sh->slice_qp_delta: 0 
4.1: sh->disable_deblocking_filter_idc: 0 
5.8: sh->slice_alpha_c0_offset_div2: 0 
5.7: sh->slice_beta_offset_div2: 0 
!! Found NAL at offset 89641 (0x15E29), size 2223 (0x08AF) 
0.8: forbidden_zero_bit: 0 
0.7: nal->nal_ref_idc: 2 
0.5: nal->nal_unit_type: 1 
1.8: sh->first_mb_in_slice: 0 
1.7: sh->slice_type: 5 
1.2: sh->pic_parameter_set_id: 0 
1.1: sh->frame_num: 36 
3.8: sh->pic_order_cnt_lsb: 72 
4.6: sh->num_ref_idx_active_override_flag: 0 
4.5: sh->rplr.ref_pic_list_reordering_flag_l0: 0 
4.4: sh->drpm.adaptive_ref_pic_marking_mode_flag: 0 
4.3: sh->cabac_init_idc: 0 
4.2: sh->slice_qp_delta: 0 
4.1: sh->disable_deblocking_filter_idc: 0 
5.8: sh->slice_alpha_c0_offset_div2: 0 
5.7: sh->slice_beta_offset_div2: 0 
!! Found NAL at offset 91868 (0x166DC), size 2433 (0x0981) 
0.8: forbidden_zero_bit: 0 
0.7: nal->nal_ref_idc: 2 
0.5: nal->nal_unit_type: 1 
1.8: sh->first_mb_in_slice: 0 
1.7: sh->slice_type: 5 
1.2: sh->pic_parameter_set_id: 0 
1.1: sh->frame_num: 37 
3.8: sh->pic_order_cnt_lsb: 74 
4.6: sh->num_ref_idx_active_override_flag: 0 
4.5: sh->rplr.ref_pic_list_reordering_flag_l0: 0 
4.4: sh->drpm.adaptive_ref_pic_marking_mode_flag: 0 
4.3: sh->cabac_init_idc: 0 
4.2: sh->slice_qp_delta: 0 
4.1: sh->disable_deblocking_filter_idc: 0 
5.8: sh->slice_alpha_c0_offset_div2: 0 
5.7: sh->slice_beta_offset_div2: 0 
!! Found NAL at offset 94305 (0x17061), size 2231 (0x08B7) 
0.8: forbidden_zero_bit: 0 
0.7: nal->nal_ref_idc: 2 
0.5: nal->nal_unit_type: 1 
1.8: sh->first_mb_in_slice: 0 
1.7: sh->slice_type: 5 
1.2: sh->pic_parameter_set_id: 0 
1.1: sh->frame_num: 38 
3.8: sh->pic_order_cnt_lsb: 76 
4.6: sh->num_ref_idx_active_override_flag: 0 
4.5: sh->rplr.ref_pic_list_reordering_flag_l0: 0 
4.4: sh->drpm.adaptive_ref_pic_marking_mode_flag: 0 
4.3: sh->cabac_init_idc: 0 
4.2: sh->slice_qp_delta: 0 
4.1: sh->disable_deblocking_filter_idc: 0 
5.8: sh->slice_alpha_c0_offset_div2: 0 
5.7: sh->slice_beta_offset_div2: 0 
!! Found NAL at offset 96540 (0x1791C), size 1961 (0x07A9) 
0.8: forbidden_zero_bit: 0 
0.7: nal->nal_ref_idc: 2 
0.5: nal->nal_unit_type: 1 
1.8: sh->first_mb_in_slice: 0 
1.7: sh->slice_type: 5 
1.2: sh->pic_parameter_set_id: 0 
1.1: sh->frame_num: 39 
3.8: sh->pic_order_cnt_lsb: 78 
4.6: sh->num_ref_idx_active_override_flag: 0 
4.5: sh->rplr.ref_pic_list_reordering_flag_l0: 0 
4.4: sh->drpm.adaptive_ref_pic_marking_mode_flag: 0 
4.3: sh->cabac_init_idc: 0 
4.2: sh->slice_qp_delta: 0 
4.1: sh->disable_deblocking_filter_idc: 0 
5.8: sh->slice_alpha_c0_offset_div2: 0 
5.7: sh->slice_beta_offset_div2: 0 
!! Found NAL at offset 98505 (0x180C9), size 1713 (0x06B1) 
0.8: forbidden_zero_bit: 0 
0.7: nal->nal_ref_idc: 2 
0.5: nal->nal_unit_type: 1 
1.8: sh->first_mb_in_slice: 0 
1.7: sh->slice_type: 5 
1.2: sh->pic_parameter_set_id: 0 
1.1: sh->frame_num: 40 
3.8: sh->pic_order_cnt_lsb: 80 
4.6: sh->num_ref_idx_active_override_flag: 0 
4.5: sh->rplr.ref_pic_list_reordering_flag_l0: 0 
4.4: sh->drpm.adaptive_ref_pic_marking_mode_flag: 0 
4.3: sh->cabac_init_idc: 0 
4.2: sh->slice_qp_delta: 0 
4.1: sh->disable_deblocking_filter_idc: 0 
5.8: sh->slice_alpha_c0_offset_div2: 0 
5.7: sh->slice_beta_offset_div2: 0 
!! Found NAL at offset 100222 (0x1877E), size 2120 (0x0848) 
0.8: forbidden_zero_bit: 0 
0.7: nal->nal_ref_idc: 2 
0.5: nal->nal_unit_type: 1 
1.8: sh->first_mb_in_slice: 0 
1.7: sh->slice_type: 5 
1.2: sh->pic_parameter_set_id: 0 
1.1: sh->frame_num: 41 
3.8: sh->pic_order_cnt_lsb: 82 
4.6: sh->num_ref_idx_active_override_flag: 0 
4.5: sh->rplr.ref_pic_list_reordering_flag_l0: 0 
4.4: sh->drpm.adaptive_ref_pic_marking_mode_flag: 0 
4.3: sh->cabac_init_idc: 0 
4.2: sh->slice_qp_delta: 0 
4.1: sh->disable_deblocking_filter_idc: 0 
5.8: sh->slice_alpha_c0_offset_div2: 0 
5.7: sh->slice_beta_offset_div2: 0 
!! Found NAL at offset 102346 (0x18FCA), size 2128 (0x0850) 
0.8: forbidden_zero_bit: 0 
0.7: nal->nal_ref_idc: 2 
0.5: nal->nal_unit_type: 1 
1.8: sh->first_mb_in_slice: 0 
1.7: sh->slice_type: 5 
1.2: sh->pic_parameter_set_id: 0 
1.1: sh->frame_num: 42 
3.8: sh->pic_order_cnt_lsb: 84 
4.6: sh->num_ref_idx_active_override_flag: 0 
4.5: sh->rplr.ref_pic_list_reordering_flag_l0: 0 
4.4: sh->drpm.adaptive_ref_pic_marking_mode_flag: 0 
4.3: sh->cabac_init_idc: 0 
4.2: sh->slice_qp_delta: 0 
4.1: sh->disable_deblocking_filter_idc: 0 
5.8: sh->slice_alpha_c0_offset_div2: 0 
5.7: sh->slice_beta_offset_div2: 0 
!! Found NAL at offset 104478 (0x1981E), size 1981 (0x07BD) 
0.8: forbidden_zero_bit: 0 
0.7: nal->nal_ref_idc: 2 
0.5: nal->nal_unit_type: 1 
1.8: sh->first_mb_in_slice: 0 
1.7: sh->slice_type: 5 
1.2: sh->pic_parameter_set_id: 0 
1.1: sh->frame_num: 43 
3.8: sh->pic_order_cnt_lsb: 86 
4.6: sh->num_ref_idx_active_override_flag: 0 
4.5: sh->rplr.ref_pic_list_reordering_flag_l0: 0 
4.4: sh->drpm.adaptive_ref_pic_marking_mode_flag: 0 
4.3: sh->cabac_init_idc: 0 
4.2: sh->slice_qp_delta: 0 
4.1: sh->disable_deblocking_filter_idc: 0 
5.8: sh->slice_alpha_c0_offset_div2: 0 
5.7: sh->slice_beta_offset_div2: 0 
!! Found NAL at offset 106463 (0x19FDF), size 2104 (0x0838) 
0.8: forbidden_zero_bit: 0 
0.7: nal->nal_ref_idc: 2 
0.5: nal->nal_unit_type: 1 
1.8: sh->first_mb_in_slice: 0 
1.7: sh->slice_type: 5 
1.2: sh->pic_parameter_set_id: 0 
1.1: sh->frame_num: 44 
3.8: sh->pic_order_cnt_lsb: 88 
4.6: sh->num_ref_idx_active_override_flag: 0 
4.5: sh->rplr.ref_pic_list_reordering_flag_l0: 0 
4.4: sh->drpm.adaptive_ref_pic_marking_mode_flag: 0 
4.3: sh->cabac_init_idc: 0 
4.2: sh->slice_qp_delta: 0 
4.1: sh->disable_deblocking_filter_idc: 0 
5.8: sh->slice_alpha_c0_offset_div2: 0 
5.7: sh->slice_beta_offset_div2: 0 
!! Found NAL at offset 108571 (0x1A81B), size 1991 (0x07C7) 
0.8: forbidden_zero_bit: 0 
0.7: nal->nal_ref_idc: 2 
0.5: nal->nal_unit_type: 1 
1.8: sh->first_mb_in_slice: 0 
1.7: sh->slice_type: 5 
1.2: sh->pic_parameter_set_id: 0 
1.1: sh->frame_num: 45 
3.8: sh->pic_order_cnt_lsb: 90 
4.6: sh->num_ref_idx_active_override_flag: 0 
4.5: sh->rplr.ref_pic_list_reordering_flag_l0: 0 
4.4: sh->drpm.adaptive_ref_pic_marking_mode_flag: 0 
4.3: sh->cabac_init_idc: 0 
4.2: sh->slice_qp_delta: 0 
4.1: sh->disable_deblocking_filter_idc: 0 
5.8: sh->slice_alpha_c0_offset_div2: 0 
5.7: sh->slice_beta_offset_div2: 0 
!! Found NAL at offset 110566 (0x1AFE6), size 2025 (0x07E9) 
0.8: forbidden_zero_bit: 0 
0.7: nal->nal_ref_idc: 2 
0.5: nal->nal_unit_type: 1 
1.8: sh->first_mb_in_slice: 0 
1.7: sh->slice_type: 5 
1.2: sh->pic_parameter_set_id: 0 
1.1: sh->frame_num: 46 
3.8: sh->pic_order_cnt_lsb: 92 
4.6: sh->num_ref_idx_active_override_flag: 0 
4.5: sh->rplr.ref_pic_list_reordering_flag_l0: 0 
4.4: sh->drpm.adaptive_ref_pic_marking_mode_flag: 0 
4.3: sh->cabac_init_idc: 0 
4.2: sh->slice_qp_delta: 0 
4.1: sh->disable_deblocking_filter_idc: 0 
5.8: sh->slice_alpha_c0_offset_div2: 0 
5.7: sh->slice_beta_offset_div2: 0 
!! Found NAL at offset 112595 (0x1B7D3), size 2485 (0x09B5) 
0.8: forbidden_zero_bit: 0 
0.7: nal->nal_ref_idc: 2 
0.5: nal->nal_unit_type: 1 
1.8: sh->first_mb_in_slice: 0 
1.7: sh->slice_type: 5 
1.2: sh->pic_parameter_set_id: 0 
1.1: sh->frame_num: 47 
3.8: sh->pic_order_cnt_lsb: 94 
4.6: sh->num_ref_idx_active_override_flag: 0 
4.5: sh->rplr.ref_pic_list_reordering_flag_l0: 0 
4.4: sh->drpm.adaptive_ref_pic_marking_mode_flag: 0 
4.3: sh->cabac_init_idc: 0 
4.2: sh->slice_qp_delta: 0 
4.1: sh->disable_deblocking_filter_idc: 0 
5.8: sh->slice_alpha_c0_offset_div2: 0 
5.7: sh->slice_beta_offset_div2: 0 
!! Found NAL at offset 115084 (0x1C18C), size 2665 (0x0A69) 
0.8: forbidden_zero_bit: 0 
0.7: nal->nal_ref_idc: 2 
0.5: nal->nal_unit_type: 1 
1.8: sh->first_mb_in_slice: 0 
1.7: sh->slice_type: 5 
1.2: sh->pic_parameter_set_id: 0 
1.1: sh->frame_num: 48 
3.8: sh->pic_order_cnt_lsb: 96 
4.6: sh->num_ref_idx_active_override_flag: 0 
4.5: sh->rplr.ref_pic_list_reordering_flag_l0: 0 
4.4: sh->drpm.adaptive_ref_pic_marking_mode_flag: 0 
4.3: sh->cabac_init_idc: 0 
4.2: sh->slice_qp_delta: 0 
4.1: sh->disable_deblocking_filter_idc: 0 
5.8: sh->slice_alpha_c0_offset_div2: 0 
5.7: sh->slice_beta_offset_div2: 0 
!! Found NAL at offset 117753 (0x1CBF9), size 2682 (0x0A7A) 
0.8: forbidden_zero_bit: 0 
0.7: nal->nal_ref_idc: 2 
0.5: nal->nal_unit_type: 1 
1.8: sh->first_mb_in_slice: 0 
1.7: sh->slice_type: 5 
1.2: sh->pic_parameter_set_id: 0 
1.1: sh->frame_num: 49 
3.8: sh->pic_order_cnt_lsb: 98 
4.6: sh->num_ref_idx_active_override_flag: 0 
4.5: sh->rplr.ref_pic_list_reordering_flag_l0: 0 
4.4: sh->drpm.adaptive_ref_pic_marking_mode_flag: 0 
4.3: sh->cabac_init_idc: 0 
4.2: sh->slice_qp_delta: 0 
4.1: sh->disable_deblocking_filter_idc: 0 
5.8: sh->slice_alpha_c0_offset_div2: 0 
5.7: sh->slice_beta_offset_div2: 0 
!! Found NAL at offset 120439 (0x1D677), size 2384 (0x0950) 
0.8: forbidden_zero_bit: 0 
0.7: nal->nal_ref_idc: 2 
0.5: nal->nal_unit_type: 1 
1.8: sh->first_mb_in_slice: 0 
1.7: sh->slice_type: 5 
1.2: sh->pic_parameter_set_id: 0 
1.1: sh->frame_num: 50 
3.8: sh->pic_order_cnt_lsb: 100 
4.6: sh->num_ref_idx_active_override_flag: 0 
4.5: sh->rplr.ref_pic_list_reordering_flag_l0: 0 
4.4: sh->drpm.adaptive_ref_pic_marking_mode_flag: 0 
4.3: sh->cabac_init_idc: 0 
4.2: sh->slice_qp_delta: 0 
4.1: sh->disable_deblocking_filter_idc: 0 
5.8: sh->slice_alpha_c0_offset_div2: 0 
5.7: sh->slice_beta_offset_div2: 0 
!! Found NAL at offset 122827 (0x1DFCB), size 1981 (0x07BD) 
0.8: forbidden_zero_bit: 0 
0.7: nal->nal_ref_idc: 2 
0.5: nal->nal_unit_type: 1 
1.8: sh->first_mb_in_slice: 0 
1.7: sh->slice_type: 5 
1.2: sh->pic_parameter_set_id: 0 
1.1: sh->frame_num: 51 
3.8: sh->pic_order_cnt_lsb: 102 
4.6: sh->num_ref_idx_active_override_flag: 0 
4.5: sh->rplr.ref_pic_list_reordering_flag_l0: 0 
4.4: sh->drpm.adaptive_ref_pic_marking_mode_flag: 0 
4.3: sh->cabac_init_idc: 0 
4.2: sh->slice_qp_delta: 0 
4.1: sh->disable_deblocking_filter_idc: 0 
5.8: sh->slice_alpha_c0_offset_div2: 0 
5.7: sh->slice_beta_offset_div2: 0 
!! Found NAL at offset 124812 (0x1E78C), size 2135 (0x0857) 
0.8: forbidden_zero_bit: 0 
0.7: nal->nal_ref_idc: 2 
0.5: nal->nal_unit_type: 1 
1.8: sh->first_mb_in_slice: 0 
1.7: sh->slice_type: 5 
1.2: sh->pic_parameter_set_id: 0 
1.1: sh->frame_num: 52 
3.8: sh->pic_order_cnt_lsb: 104 
4.6: sh->num_ref_idx_active_override_flag: 0 
4.5: sh->rplr.ref_pic_list_reordering_flag_l0: 0 
4.4: sh->drpm.adaptive_ref_pic_marking_mode_flag: 0 
4.3: sh->cabac_init_idc: 0 
4.2: sh->slice_qp_delta: 0 
4.1: sh->disable_deblocking_filter_idc: 0 
5.8: sh->slice_alpha_c0_offset_div2: 0 
5.7: sh->slice_beta_offset_div2: 0 
!! Found NAL at offset 126951 (0x1EFE7), size 2185 (0x0889) 
0.8: forbidden_zero_bit: 0 
0.7: nal->nal_ref_idc: 2 
0.5: nal->nal_unit_type: 1 
1.8: sh->first_mb_in_slice: 0 
1.7: sh->slice_type: 5 
1.2: sh->pic_parameter_set_id: 0 
1.1: sh->frame_num: 53 
3.8: sh->pic_order_cnt_lsb: 106 
4.6: sh->num_ref_idx_active_override_flag: 0 
4.5: sh->rplr.ref_pic_list_reordering_flag_l0: 0 
4.4: sh->drpm.adaptive_ref_pic_marking_mode_flag: 0 
4.3: sh->cabac_init_idc: 0 
4.2: sh->slice_qp_delta: 0 
4.1: sh->disable_deblocking_filter_idc: 0 
5.8: sh->slice_alpha_c0_offset_div2: 0 
5.7: sh->slice_beta_offset_div2: 0 
!! Found NAL at offset 129140 (0x1F874), size 2829 (0x0B0D) 
0.8: forbidden_zero_bit: 0 
0.7: nal->nal_ref_idc: 2 
0.5: nal->nal_unit_type: 1 
1.8: sh->first_mb_in_slice: 0 
1.7: sh->slice_type: 5 
1.2: sh->pic_parameter_set_id: 0 
1.1: sh->frame_num: 54 
3.8: sh->pic_order_cnt_lsb: 108 
4.6: sh->num_ref_idx_active_override_flag: 0 
4.5: sh->rplr.ref_pic_list_reordering_flag_l0: 0 
4.4: sh->drpm.adaptive_ref_pic_marking_mode_flag: 0 
4.3: sh->cabac_init_idc: 0 
4.2: sh->slice_qp_delta: 0 
4.1: sh->disable_deblocking_filter_idc: 0 
5.8: sh->slice_alpha_c0_offset_div2: 0 
5.7: sh->slice_beta_offset_div2: 0 
!! Found NAL at offset 131973 (0x20385), size 2789 (0x0AE5) 
0.8: forbidden_zero_bit: 0 
0.7: nal->nal_ref_idc: 2 
0.5: nal->nal_unit_type: 1 
1.8: sh->first_mb_in_slice: 0 
1.7: sh->slice_type: 5 
1.2: sh->pic_parameter_set_id: 0 
1.1: sh->frame_num: 55 
3.8: sh->pic_order_cnt_lsb: 110 
4.6: sh->num_ref_idx_active_override_flag: 0 
4.5: sh->rplr.ref_pic_list_reordering_flag_l0: 0 
4.4: sh->drpm.adaptive_ref_pic_marking_mode_flag: 0 
4.3: sh->cabac_init_idc: 0 
4.2: sh->slice_qp_delta: 0 
4.1: sh->disable_deblocking_filter_idc: 0 
5.8: sh->slice_alpha_c0_offset_div2: 0 
5.7: sh->slice_beta_offset_div2: 0 
!! Found NAL at offset 134766 (0x20E6E), size 2546 (0x09F2) 
0.8: forbidden_zero_bit: 0 
0.7: nal->nal_ref_idc: 2 
0.5: nal->nal_unit_type: 1 
1.8: sh->first_mb_in_slice: 0 
1.7: sh->slice_type: 5 
1.2: sh->pic_parameter_set_id: 0 
1.1: sh->frame_num: 56 
3.8: sh->pic_order_cnt_lsb: 112 
4.6: sh->num_ref_idx_active_override_flag: 0 
4.5: sh->rplr.ref_pic_list_reordering_flag_l0: 0 
4.4: sh->drpm.adaptive_ref_pic_marking_mode_flag: 0 
4.3: sh->cabac_init_idc: 0 
4.2: sh->slice_qp_delta: 0 
4.1: sh->disable_deblocking_filter_idc: 0 
5.8: sh->slice_alpha_c0_offset_div2: 0 
5.7: sh->slice_beta_offset_div2: 0 
!! Found NAL at offset 137316 (0x21864), size 2300 (0x08FC) 
0.8: forbidden_zero_bit: 0 
0.7: nal->nal_ref_idc: 2 
0.5: nal->nal_unit_type: 1 
1.8: sh->first_mb_in_slice: 0 
1.7: sh->slice_type: 5 
1.2: sh->pic_parameter_set_id: 0 
1.1: sh->frame_num: 57 
3.8: sh->pic_order_cnt_lsb: 114 
4.6: sh->num_ref_idx_active_override_flag: 0 
4.5: sh->rplr.ref_pic_list_reordering_flag_l0: 0 
4.4: sh->drpm.adaptive_ref_pic_marking_mode_flag: 0 
4.3: sh->cabac_init_idc: 0 
4.2: sh->slice_qp_delta: 0 
4.1: sh->disable_deblocking_filter_idc: 0 
5.8: sh->slice_alpha_c0_offset_div2: 0 
5.7: sh->slice_beta_offset_div2: 0 
!! Found NAL at offset 139620 (0x22164), size 2576 (0x0A10) 
0.8: forbidden_zero_bit: 0 
0.7: nal->nal_ref_idc: 2 
0.5: nal->nal_unit_type: 1 
1.8: sh->first_mb_in_slice: 0 
1.7: sh->slice_type: 5 
1.2: sh->pic_parameter_set_id: 0 
1.1: sh->frame_num: 58 
3.8: sh->pic_order_cnt_lsb: 116 
4.6: sh->num_ref_idx_active_override_flag: 0 
4.5: sh->rplr.ref_pic_list_reordering_flag_l0: 0 
4.4: sh->drpm.adaptive_ref_pic_marking_mode_flag: 0 
4.3: sh->cabac_init_idc: 0 
4.2: sh->slice_qp_delta: 0 
4.1: sh->disable_deblocking_filter_idc: 0 
5.8: sh->slice_alpha_c0_offset_div2: 0 
5.7: sh->slice_beta_offset_div2: 0 
!! Found NAL at offset 142200 (0x22B78), size 2001 (0x07D1) 
0.8: forbidden_zero_bit: 0 
0.7: nal->nal_ref_idc: 2 
0.5: nal->nal_unit_type: 1 
1.8: sh->first_mb_in_slice: 0 
1.7: sh->slice_type: 5 
1.2: sh->pic_parameter_set_id: 0 
1.1: sh->frame_num: 59 
3.8: sh->pic_order_cnt_lsb: 118 
4.6: sh->num_ref_idx_active_override_flag: 0 
4.5: sh->rplr.ref_pic_list_reordering_flag_l0: 0 
4.4: sh->drpm.adaptive_ref_pic_marking_mode_flag: 0 
4.3: sh->cabac_init_idc: 0 
4.2: sh->slice_qp_delta: 0 
4.1: sh->disable_deblocking_filter_idc: 0 
5.8: sh->slice_alpha_c0_offset_div2: 0 
5.7: sh->slice_beta_offset_div2: 0 
!! Found NAL at offset 144205 (0x2334D), size 2274 (0x08E2) 
0.8: forbidden_zero_bit: 0 
0.7: nal->nal_ref_idc: 2 
0.5: nal->nal_unit_type: 1 
1.8: sh->first_mb_in_slice: 0 
1.7: sh->slice_type: 5 
1.2: sh->pic_parameter_set_id: 0 
1.1: sh->frame_num: 60 
3.8: sh->pic_order_cnt_lsb: 120 
4.6: sh->num_ref_idx_active_override_flag: 0 
4.5: sh->rplr.ref_pic_list_reordering_flag_l0: 0 
4.4: sh->drpm.adaptive_ref_pic_marking_mode_flag: 0 
4.3: sh->cabac_init_idc: 0 
4.2: sh->slice_qp_delta: 0 
4.1: sh->disable_deblocking_filter_idc: 0 
5.8: sh->slice_alpha_c0_offset_div2: 0 
5.7: sh->slice_beta_offset_div2: 0 
!! Found NAL at offset 146483 (0x23C33), size 2348 (0x092C) 
0.8: forbidden_zero_bit: 0 
0.7: nal->nal_ref_idc: 2 
0.5: nal->nal_unit_type: 1 
1.8: sh->first_mb_in_slice: 0 
1.7: sh->slice_type: 5 
1.2: sh->pic_parameter_set_id: 0 
1.1: sh->frame_num: 61 
3.8: sh->pic_order_cnt_lsb: 122 
4.6: sh->num_ref_idx_active_override_flag: 0 
4.5: sh->rplr.ref_pic_list_reordering_flag_l0: 0 
4.4: sh->drpm.adaptive_ref_pic_marking_mode_flag: 0 
4.3: sh->cabac_init_idc: 0 
4.2: sh->slice_qp_delta: 0 
4.1: sh->disable_deblocking_filter_idc: 0 
5.8: sh->slice_alpha_c0_offset_div2: 0 
5.7: sh->slice_beta_offset_div2: 0 
!! Found NAL at offset 148835 (0x24563), size 2396 (0x095C) 
0.8: forbidden_zero_bit: 0 
0.7: nal->nal_ref_idc: 2 
0.5: nal->nal_unit_type: 1 
1.8: sh->first_mb_in_slice: 0 
1.7: sh->slice_type: 5 
1.2: sh->pic_parameter_set_id: 0 
1.1: sh->frame_num: 62 
3.8: sh->pic_order_cnt_lsb: 124 
4.6: sh->num_ref_idx_active_override_flag: 0 
4.5: sh->rplr.ref_pic_list_reordering_flag_l0: 0 
4.4: sh->drpm.adaptive_ref_pic_marking_mode_flag: 0 
4.3: sh->cabac_init_idc: 0 
4.2: sh->slice_qp_delta: 0 
4.1: sh->disable_deblocking_filter_idc: 0 
5.8: sh->slice_alpha_c0_offset_div2: 0 
5.7: sh->slice_beta_offset_div2: 0 
!! Found NAL at offset 151235 (0x24EC3), size 2273 (0x08E1) 
0.8: forbidden_zero_bit: 0 
0.7: nal->nal_ref_idc: 2 
0.5: nal->nal_unit_type: 1 
1.8: sh->first_mb_in_slice: 0 
1.7: sh->slice_type: 5 
1.2: sh->pic_parameter_set_id: 0 
1.1: sh->frame_num: 63 
3.8: sh->pic_order_cnt_lsb: 126 
4.6: sh->num_ref_idx_active_override_flag: 0 
4.5: sh->rplr.ref_pic_list_reordering_flag_l0: 0 
4.4: sh->drpm.adaptive_ref_pic_marking_mode_flag: 0 
4.3: sh->cabac_init_idc: 0 
4.2: sh->slice_qp_delta: 0 
4.1: sh->disable_deblocking_filter_idc: 0 
5.8: sh->slice_alpha_c0_offset_div2: 0 
5.7: sh->slice_beta_offset_div2: 0 
!! Found NAL at offset 153512 (0x257A8), size 2421 (0x0975) 
0.8: forbidden_zero_bit: 0 
0.7: nal->nal_ref_idc: 2 
0.5: nal->nal_unit_type: 1 
1.8: sh->first_mb_in_slice: 0 
1.7: sh->slice_type: 5 
1.2: sh->pic_parameter_set_id: 0 
1.1: sh->frame_num: 64 
3.8: sh->pic_order_cnt_lsb: 128 
4.6: sh->num_ref_idx_active_override_flag: 0 
4.5: sh->rplr.ref_pic_list_reordering_flag_l0: 0 
4.4: sh->drpm.adaptive_ref_pic_marking_mode_flag: 0 
4.3: sh->cabac_init_idc: 0 
4.2: sh->slice_qp_delta: 0 
4.1: sh->disable_deblocking_filter_idc: 0 
5.8: sh->slice_alpha_c0_offset_div2: 0 
5.7: sh->slice_beta_offset_div2: 0 
!! Found NAL at offset 155937 (0x26121), size 2355 (0x0933) 
0.8: forbidden_zero_bit: 0 
0.7: nal->nal_ref_idc: 2 
0.5: nal->nal_unit_type: 1 
1.8: sh->first_mb_in_slice: 0 
1.7: sh->slice_type: 5 
1.2: sh->pic_parameter_set_id: 0 
1.1: sh->frame_num: 65 
3.8: sh->pic_order_cnt_lsb: 130 
4.6: sh->num_ref_idx_active_override_flag: 0 
4.5: sh->rplr.ref_pic_list_reordering_flag_l0: 0 
4.4: sh->drpm.adaptive_ref_pic_marking_mode_flag: 0 
4.3: sh->cabac_init_idc: 0 
4.2: sh->slice_qp_delta: 0 
4.1: sh->disable_deblocking_filter_idc: 0 
5.8: sh->slice_alpha_c0_offset_div2: 0 
5.7: sh->slice_beta_offset_div2: 0 
!! Found NAL at offset 158296 (0x26A58), size 2565 (0x0A05) 
0.8: forbidden_zero_bit: 0 
0.7: nal->nal_ref_idc: 2 
0.5: nal->nal_unit_type: 1 
1.8: sh->first_mb_in_slice: 0 
1.7: sh->slice_type: 5 
1.2: sh->pic_parameter_set_id: 0 
1.1: sh->frame_num: 66 
3.8: sh->pic_order_cnt_lsb: 132 
4.6: sh->num_ref_idx_active_override_flag: 0 
4.5: sh->rplr.ref_pic_list_reordering_flag_l0: 0 
4.4: sh->drpm.adaptive_ref_pic_marking_mode_flag: 0 
4.3: sh->cabac_init_idc: 0 
4.2: sh->slice_qp_delta: 0 
4.1: sh->disable_deblocking_filter_idc: 0 
5.8: sh->slice_alpha_c0_offset_div2: 0 
5.7: sh->slice_beta_offset_div2: 0 
!! Found NAL at offset 160865 (0x27461), size 2576 (0x0A10) 
0.8: forbidden_zero_bit: 0 
0.7: nal->nal_ref_idc: 2 
0.5: nal->nal_unit_type: 1 
1.8: sh->first_mb_in_slice: 0 
1.7: sh->slice_type: 5 
1.2: sh->pic_parameter_set_id: 0 
1.1: sh->frame_num: 67 
3.8: sh->pic_order_cnt_lsb: 134 
4.6: sh->num_ref_idx_active_override_flag: 0 
4.5: sh->rplr.ref_pic_list_reordering_flag_l0: 0 
4.4: sh->drpm.adaptive_ref_pic_marking_mode_flag: 0 
4.3: sh->cabac_init_idc: 0 
4.2: sh->slice_qp_delta: 0 
4.1: sh->disable_deblocking_filter_idc: 0 
5.8: sh->slice_alpha_c0_offset_div2: 0 
5.7: sh->slice_beta_offset_div2: 0 
!! Found NAL at offset 163445 (0x27E75), size 2390 (0x0956) 
0.8: forbidden_zero_bit: 0 
0.7: nal->nal_ref_idc: 2 
0.5: nal->nal_unit_type: 1 
1.8: sh->first_mb_in_slice: 0 
1.7: sh->slice_type: 5 
1.2: sh->pic_parameter_set_id: 0 
1.1: sh->frame_num: 68 
3.8: sh->pic_order_cnt_lsb: 136 
4.6: sh->num_ref_idx_active_override_flag: 0 
4.5: sh->rplr.ref_pic_list_reordering_flag_l0: 0 
4.4: sh->drpm.adaptive_ref_pic_marking_mode_flag: 0 
4.3: sh->cabac_init_idc: 0 
4.2: sh->slice_qp_delta: 0 
4.1: sh->disable_deblocking_filter_idc: 0 
5.8: sh->slice_alpha_c0_offset_div2: 0 
5.7: sh->slice_beta_offset_div2: 0 
!! Found NAL at offset 165839 (0x287CF), size 2283 (0x08EB) 
0.8: forbidden_zero_bit: 0 
0.7: nal->nal_ref_idc: 2 
0.5: nal->nal_unit_type: 1 
1.8: sh->first_mb_in_slice: 0 
1.7: sh->slice_type: 5 
1.2: sh->pic_parameter_set_id: 0 
1.1: sh->frame_num: 69 
3.8: sh->pic_order_cnt_lsb: 138 
4.6: sh->num_ref_idx_active_override_flag: 0 
4.5: sh->rplr.ref_pic_list_reordering_flag_l0: 0 
4.4: sh->drpm.adaptive_ref_pic_marking_mode_flag: 0 
4.3: sh->cabac_init_idc: 0 
4.2: sh->slice_qp_delta: 0 
4.1: sh->disable_deblocking_filter_idc: 0 
5.8: sh->slice_alpha_c0_offset_div2: 0 
5.7: sh->slice_beta_offset_div2: 0 
!! Found NAL at offset 168126 (0x290BE), size 2436 (0x0984) 
0.8: forbidden_zero_bit: 0 
0.7: nal->nal_ref_idc: 2 
0.5: nal->nal_unit_type: 1 
1.8: sh->first_mb_in_slice: 0 
1.7: sh->slice_type: 5 
1.2: sh->pic_parameter_set_id: 0 
1.1: sh->frame_num: 70 
3.8: sh->pic_order_cnt_lsb: 140 
4.6: sh->num_ref_idx_active_override_flag: 0 
4.5: sh->rplr.ref_pic_list_reordering_flag_l0: 0 
4.4: sh->drpm.adaptive_ref_pic_marking_mode_flag: 0 
4.3: sh->cabac_init_idc: 0 
4.2: sh->slice_qp_delta: 0 
4.1: sh->disable_deblocking_filter_idc: 0 
5.8: sh->slice_alpha_c0_offset_div2: 0 
5.7: sh->slice_beta_offset_div2: 0 
!! Found NAL at offset 170566 (0x29A46), size 2542 (0x09EE) 
0.8: forbidden_zero_bit: 0 
0.7: nal->nal_ref_idc: 2 
0.5: nal->nal_unit_type: 1 
1.8: sh->first_mb_in_slice: 0 
1.7: sh->slice_type: 5 
1.2: sh->pic_parameter_set_id: 0 
1.1: sh->frame_num: 71 
3.8: sh->pic_order_cnt_lsb: 142 
4.6: sh->num_ref_idx_active_override_flag: 0 
4.5: sh->rplr.ref_pic_list_reordering_flag_l0: 0 
4.4: sh->drpm.adaptive_ref_pic_marking_mode_flag: 0 
4.3: sh->cabac_init_idc: 0 
4.2: sh->slice_qp_delta: 0 
4.1: sh->disable_deblocking_filter_idc: 0 
5.8: sh->slice_alpha_c0_offset_div2: 0 
5.7: sh->slice_beta_offset_div2: 0 
!! Found NAL at offset 173112 (0x2A438), size 2492 (0x09BC) 
0.8: forbidden_zero_bit: 0 
0.7: nal->nal_ref_idc: 2 
0.5: nal->nal_unit_type: 1 
1.8: sh->first_mb_in_slice: 0 
1.7: sh->slice_type: 5 
1.2: sh->pic_parameter_set_id: 0 
1.1: sh->frame_num: 72 
3.8: sh->pic_order_cnt_lsb: 144 
4.6: sh->num_ref_idx_active_override_flag: 0 
4.5: sh->rplr.ref_pic_list_reordering_flag_l0: 0 
4.4: sh->drpm.adaptive_ref_pic_marking_mode_flag: 0 
4.3: sh->cabac_init_idc: 0 
4.2: sh->slice_qp_delta: 0 
4.1: sh->disable_deblocking_filter_idc: 0 
5.8: sh->slice_alpha_c0_offset_div2: 0 
5.7: sh->slice_beta_offset_div2: 0 
!! Found NAL at offset 175608 (0x2ADF8), size 2628 (0x0A44) 
0.8: forbidden_zero_bit: 0 
0.7: nal->nal_ref_idc: 2 
0.5: nal->nal_unit_type: 1 
1.8: sh->first_mb_in_slice: 0 
1.7: sh->slice_type: 5 
1.2: sh->pic_parameter_set_id: 0 
1.1: sh->frame_num: 73 
3.8: sh->pic_order_cnt_lsb: 146 
4.6: sh->num_ref_idx_active_override_flag: 0 
4.5: sh->rplr.ref_pic_list_reordering_flag_l0: 0 
4.4: sh->drpm.adaptive_ref_pic_marking_mode_flag: 0 
4.3: sh->cabac_init_idc: 0 
4.2: sh->slice_qp_delta: 0 
4.1: sh->disable_deblocking_filter_idc: 0 
5.8: sh->slice_alpha_c0_offset_div2: 0 
5.7: sh->slice_beta_offset_div2: 0 
!! Found NAL at offset 178240 (0x2B840), size 2143 (0x085F) 
0.8: forbidden_zero_bit: 0 
0.7: nal->nal_ref_idc: 2 
0.5: nal->nal_unit_type: 1 
1.8: sh->first_mb_in_slice: 0 
1.7: sh->slice_type: 5 
1.2: sh->pic_parameter_set_id: 0 
1.1: sh->frame_num: 74 
3.8: sh->pic_order_cnt_lsb: 148 
4.6: sh->num_ref_idx_active_override_flag: 0 
4.5: sh->rplr.ref_pic_list_reordering_flag_l0: 0 
4.4: sh->drpm.adaptive_ref_pic_marking_mode_flag: 0 
4.3: sh->cabac_init_idc: 0 
4.2: sh->slice_qp_delta: 0 
4.1: sh->disable_deblocking_filter_idc: 0 
5.8: sh->slice_alpha_c0_offset_div2: 0 
5.7: sh->slice_beta_offset_div2: 0 
!! Found NAL at offset 180387 (0x2C0A3), size 2175 (0x087F) 
0.8: forbidden_zero_bit: 0 
0.7: nal->nal_ref_idc: 2 
0.5: nal->nal_unit_type: 1 
1.8: sh->first_mb_in_slice: 0 
1.7: sh->slice_type: 5 
1.2: sh->pic_parameter_set_id: 0 
1.1: sh->frame_num: 75 
3.8: sh->pic_order_cnt_lsb: 150 
4.6: sh->num_ref_idx_active_override_flag: 0 
4.5: sh->rplr.ref_pic_list_reordering_flag_l0: 0 
4.4: sh->drpm.adaptive_ref_pic_marking_mode_flag: 0 
4.3: sh->cabac_init_idc: 0 
4.2: sh->slice_qp_delta: 0 
4.1: sh->disable_deblocking_filter_idc: 0 
5.8: sh->slice_alpha_c0_offset_div2: 0 
5.7: sh->slice_beta_offset_div2: 0 
!! Found NAL at offset 182566 (0x2C926), size 2390 (0x0956) 
0.8: forbidden_zero_bit: 0 
0.7: nal->nal_ref_idc: 2 
0.5: nal->nal_unit_type: 1 
1.8: sh->first_mb_in_slice: 0 
1.7: sh->slice_type: 5 
1.2: sh->pic_parameter_set_id: 0 
1.1: sh->frame_num: 76 
3.8: sh->pic_order_cnt_lsb: 152 
4.6: sh->num_ref_idx_active_override_flag: 0 
4.5: sh->rplr.ref_pic_list_reordering_flag_l0: 0 
4.4: sh->drpm.adaptive_ref_pic_marking_mode_flag: 0 
4.3: sh->cabac_init_idc: 0 
4.2: sh->slice_qp_delta: 0 
4.1: sh->disable_deblocking_filter_idc: 0 
5.8: sh->slice_alpha_c0_offset_div2: 0 
5.7: sh->slice_beta_offset_div2: 0 
!! Found NAL at offset 184960 (0x2D280), size 2676 (0x0A74) 
0.8: forbidden_zero_bit: 0 
0.7: nal->nal_ref_idc: 2 
0.5: nal->nal_unit_type: 1 
1.8: sh->first_mb_in_slice: 0 
1.7: sh->slice_type: 5 
1.2: sh->pic_parameter_set_id: 0 
1.1: sh->frame_num: 77 
3.8: sh->pic_order_cnt_lsb: 154 
4.6: sh->num_ref_idx_active_override_flag: 0 
4.5: sh->rplr.ref_pic_list_reordering_flag_l0: 0 
4.4: sh->drpm.adaptive_ref_pic_marking_mode_flag: 0 
4.3: sh->cabac_init_idc: 0 
4.2: sh->slice_qp_delta: 0 
4.1: sh->disable_deblocking_filter_idc: 0 
5.8: sh->slice_alpha_c0_offset_div2: 0 
5.7: sh->slice_beta_offset_div2: 0 
!! Found NAL at offset 187640 (0x2DCF8), size 2963 (0x0B93) 
0.8: forbidden_zero_bit: 0 
0.7: nal->nal_ref_idc: 2 
0.5: nal->nal_unit_type: 1 
1.8: sh->first_mb_in_slice: 0 
1.7: sh->slice_type: 5 
1.2: sh->pic_parameter_set_id: 0 
1.1: sh->frame_num: 78 
3.8: sh->pic_order_cnt_lsb: 156 
4.6: sh->num_ref_idx_active_override_flag: 0 
4.5: sh->rplr.ref_pic_list_reordering_flag_l0: 0 
4.4: sh->drpm.adaptive_ref_pic_marking_mode_flag: 0 
4.3: sh->cabac_init_idc: 0 
4.2: sh->slice_qp_delta: 0 
4.1: sh->disable_deblocking_filter_idc: 0 
5.8: sh->slice_alpha_c0_offset_div2: 0 
5.7: sh->slice_beta_offset_div2: 0 
!! Found NAL at offset 190607 (0x2E88F), size 2816 (0x0B00) 
0.8: forbidden_zero_bit: 0 
0.7: nal->nal_ref_idc: 2 
0.5: nal->nal_unit_type: 1 
1.8: sh->first_mb_in_slice: 0 
1.7: sh->slice_type: 5 
1.2: sh->pic_parameter_set_id: 0 
1.1: sh->frame_num: 79 
3.8: sh->pic_order_cnt_lsb: 158 
4.6: sh->num_ref_idx_active_override_flag: 0 
4.5: sh->rplr.ref_pic_list_reordering_flag_l0: 0 
4.4: sh->drpm.adaptive_ref_pic_marking_mode_flag: 0 
4.3: sh->cabac_init_idc: 0 
4.2: sh->slice_qp_delta: 0 
4.1: sh->disable_deblocking_filter_idc: 0 
5.8: sh->slice_alpha_c0_offset_div2: 0 
5.7: sh->slice_beta_offset_div2: 0 
!! Found NAL at offset 193427 (0x2F393), size 2820 (0x0B04) 
0.8: forbidden_zero_bit: 0 
0.7: nal->nal_ref_idc: 2 
0.5: nal->nal_unit_type: 1 
1.8: sh->first_mb_in_slice: 0 
1.7: sh->slice_type: 5 
1.2: sh->pic_parameter_set_id: 0 
1.1: sh->frame_num: 80 
3.8: sh->pic_order_cnt_lsb: 160 
4.6: sh->num_ref_idx_active_override_flag: 0 
4.5: sh->rplr.ref_pic_list_reordering_flag_l0: 0 
4.4: sh->drpm.adaptive_ref_pic_marking_mode_flag: 0 
4.3: sh->cabac_init_idc: 0 
4.2: sh->slice_qp_delta: 0 
4.1: sh->disable_deblocking_filter_idc: 0 
5.8: sh->slice_alpha_c0_offset_div2: 0 
5.7: sh->slice_beta_offset_div2: 0 
!! Found NAL at offset 196251 (0x2FE9B), size 2802 (0x0AF2) 
0.8: forbidden_zero_bit: 0 
0.7: nal->nal_ref_idc: 2 
0.5: nal->nal_unit_type: 1 
1.8: sh->first_mb_in_slice: 0 
1.7: sh->slice_type: 5 
1.2: sh->pic_parameter_set_id: 0 
1.1: sh->frame_num: 81 
3.8: sh->pic_order_cnt_lsb: 162 
4.6: sh->num_ref_idx_active_override_flag: 0 
4.5: sh->rplr.ref_pic_list_reordering_flag_l0: 0 
4.4: sh->drpm.adaptive_ref_pic_marking_mode_flag: 0 
4.3: sh->cabac_init_idc: 0 
4.2: sh->slice_qp_delta: 0 
4.1: sh->disable_deblocking_filter_idc: 0 
5.8: sh->slice_alpha_c0_offset_div2: 0 
5.7: sh->slice_beta_offset_div2: 0 
!! Found NAL at offset 199057 (0x30991), size 2639 (0x0A4F) 
0.8: forbidden_zero_bit: 0 
0.7: nal->nal_ref_idc: 2 
0.5: nal->nal_unit_type: 1 
1.8: sh->first_mb_in_slice: 0 
1.7: sh->slice_type: 5 
1.2: sh->pic_parameter_set_id: 0 
1.1: sh->frame_num: 82 
3.8: sh->pic_order_cnt_lsb: 164 
4.6: sh->num_ref_idx_active_override_flag: 0 
4.5: sh->rplr.ref_pic_list_reordering_flag_l0: 0 
4.4: sh->drpm.adaptive_ref_pic_marking_mode_flag: 0 
4.3: sh->cabac_init_idc: 0 
4.2: sh->slice_qp_delta: 0 
4.1: sh->disable_deblocking_filter_idc: 0 
5.8: sh->slice_alpha_c0_offset_div2: 0 
5.7: sh->slice_beta_offset_div2: 0 
!! Found NAL at offset 201700 (0x313E4), size 2536 (0x09E8) 
0.8: forbidden_zero_bit: 0 
0.7: nal->nal_ref_idc: 2 
0.5: nal->nal_unit_type: 1 
1.8: sh->first_mb_in_slice: 0 
1.7: sh->slice_type: 5 
1.2: sh->pic_parameter_set_id: 0 
1.1: sh->frame_num: 83 
3.8: sh->pic_order_cnt_lsb: 166 
4.6: sh->num_ref_idx_active_override_flag: 0 
4.5: sh->rplr.ref_pic_list_reordering_flag_l0: 0 
4.4: sh->drpm.adaptive_ref_pic_marking_mode_flag: 0 
4.3: sh->cabac_init_idc: 0 
4.2: sh->slice_qp_delta: 0 
4.1: sh->disable_deblocking_filter_idc: 0 
5.8: sh->slice_alpha_c0_offset_div2: 0 
5.7: sh->slice_beta_offset_div2: 0 
!! Found NAL at offset 204240 (0x31DD0), size 3176 (0x0C68) 
0.8: forbidden_zero_bit: 0 
0.7: nal->nal_ref_idc: 2 
0.5: nal->nal_unit_type: 1 
1.8: sh->first_mb_in_slice: 0 
1.7: sh->slice_type: 5 
1.2: sh->pic_parameter_set_id: 0 
1.1: sh->frame_num: 84 
3.8: sh->pic_order_cnt_lsb: 168 
4.6: sh->num_ref_idx_active_override_flag: 0 
4.5: sh->rplr.ref_pic_list_reordering_flag_l0: 0 
4.4: sh->drpm.adaptive_ref_pic_marking_mode_flag: 0 
4.3: sh->cabac_init_idc: 0 
4.2: sh->slice_qp_delta: 0 
4.1: sh->disable_deblocking_filter_idc: 0 
5.8: sh->slice_alpha_c0_offset_div2: 0 
5.7: sh->slice_beta_offset_div2: 0 
!! Found NAL at offset 207420 (0x32A3C), size 3110 (0x0C26) 
0.8: forbidden_zero_bit: 0 
0.7: nal->nal_ref_idc: 2 
0.5: nal->nal_unit_type: 1 
1.8: sh->first_mb_in_slice: 0 
1.7: sh->slice_type: 5 
1.2: sh->pic_parameter_set_id: 0 
1.1: sh->frame_num: 85 
3.8: sh->pic_order_cnt_lsb: 170 
4.6: sh->num_ref_idx_active_override_flag: 0 
4.5: sh->rplr.ref_pic_list_reordering_flag_l0: 0 
4.4: sh->drpm.adaptive_ref_pic_marking_mode_flag: 0 
4.3: sh->cabac_init_idc: 0 
4.2: sh->slice_qp_delta: 0 
4.1: sh->disable_deblocking_filter_idc: 0 
5.8: sh->slice_alpha_c0_offset_div2: 0 
5.7: sh->slice_beta_offset_div2: 0 
!! Found NAL at offset 210534 (0x33666), size 2921 (0x0B69) 
0.8: forbidden_zero_bit: 0 
0.7: nal->nal_ref_idc: 2 
0.5: nal->nal_unit_type: 1 
1.8: sh->first_mb_in_slice: 0 
1.7: sh->slice_type: 5 
1.2: sh->pic_parameter_set_id: 0 
1.1: sh->frame_num: 86 
3.8: sh->pic_order_cnt_lsb: 172 
4.6: sh->num_ref_idx_active_override_flag: 0 
4.5: sh->rplr.ref_pic_list_reordering_flag_l0: 0 
4.4: sh->drpm.adaptive_ref_pic_marking_mode_flag: 0 
4.3: sh->cabac_init_idc: 0 
4.2: sh->slice_qp_delta: 0 
4.1: sh->disable_deblocking_filter_idc: 0 
5.8: sh->slice_alpha_c0_offset_div2: 0 
5.7: sh->slice_beta_offset_div2: 0 
!! Found NAL at offset 213459 (0x341D3), size 2689 (0x0A81) 
0.8: forbidden_zero_bit: 0 
0.7: nal->nal_ref_idc: 2 
0.5: nal->nal_unit_type: 1 
1.8: sh->first_mb_in_slice: 0 
1.7: sh->slice_type: 5 
1.2: sh->pic_parameter_set_id: 0 
1.1: sh->frame_num: 87 
3.8: sh->pic_order_cnt_lsb: 174 
4.6: sh->num_ref_idx_active_override_flag: 0 
4.5: sh->rplr.ref_pic_list_reordering_flag_l0: 0 
4.4: sh->drpm.adaptive_ref_pic_marking_mode_flag: 0 
4.3: sh->cabac_init_idc: 0 
4.2: sh->slice_qp_delta: 0 
4.1: sh->disable_deblocking_filter_idc: 0 
5.8: sh->slice_alpha_c0_offset_div2: 0 
5.7: sh->slice_beta_offset_div2: 0 
!! Found NAL at offset 216152 (0x34C58), size 2633 (0x0A49) 
0.8: forbidden_zero_bit: 0 
0.7: nal->nal_ref_idc: 2 
0.5: nal->nal_unit_type: 1 
1.8: sh->first_mb_in_slice: 0 
1.7: sh->slice_type: 5 
1.2: sh->pic_parameter_set_id: 0 
1.1: sh->frame_num: 88 
3.8: sh->pic_order_cnt_lsb: 176 
4.6: sh->num_ref_idx_active_override_flag: 0 
4.5: sh->rplr.ref_pic_list_reordering_flag_l0: 0 
4.4: sh->drpm.adaptive_ref_pic_marking_mode_flag: 0 
4.3: sh->cabac_init_idc: 0 
4.2: sh->slice_qp_delta: 0 
4.1: sh->disable_deblocking_filter_idc: 0 
5.8: sh->slice_alpha_c0_offset_div2: 0 
5.7: sh->slice_beta_offset_div2: 0 
!! Found NAL at offset 218789 (0x356A5), size 2873 (0x0B39) 
0.8: forbidden_zero_bit: 0 
0.7: nal->nal_ref_idc: 2 
0.5: nal->nal_unit_type: 1 
1.8: sh->first_mb_in_slice: 0 
1.7: sh->slice_type: 5 
1.2: sh->pic_parameter_set_id: 0 
1.1: sh->frame_num: 89 
3.8: sh->pic_order_cnt_lsb: 178 
4.6: sh->num_ref_idx_active_override_flag: 0 
4.5: sh->rplr.ref_pic_list_reordering_flag_l0: 0 
4.4: sh->drpm.adaptive_ref_pic_marking_mode_flag: 0 
4.3: sh->cabac_init_idc: 0 
4.2: sh->slice_qp_delta: 0 
4.1: sh->disable_deblocking_filter_idc: 0 
5.8: sh->slice_alpha_c0_offset_div2: 0 
5.7: sh->slice_beta_offset_div2: 0 
!! Found NAL at offset 221666 (0x361E2), size 3239 (0x0CA7) 
0.8: forbidden_zero_bit: 0 
0.7: nal->nal_ref_idc: 2 
0.5: nal->nal_unit_type: 1 
1.8: sh->first_mb_in_slice: 0 
1.7: sh->slice_type: 5 
1.2: sh->pic_parameter_set_id: 0 
1.1: sh->frame_num: 90 
3.8: sh->pic_order_cnt_lsb: 180 
4.6: sh->num_ref_idx_active_override_flag: 0 
4.5: sh->rplr.ref_pic_list_reordering_flag_l0: 0 
4.4: sh->drpm.adaptive_ref_pic_marking_mode_flag: 0 
4.3: sh->cabac_init_idc: 0 
4.2: sh->slice_qp_delta: 0 
4.1: sh->disable_deblocking_filter_idc: 0 
5.8: sh->slice_alpha_c0_offset_div2: 0 
5.7: sh->slice_beta_offset_div2: 0 
!! Found NAL at offset 224909 (0x36E8D), size 3534 (0x0DCE) 
0.8: forbidden_zero_bit: 0 
0.7: nal->nal_ref_idc: 2 
0.5: nal->nal_unit_type: 1 
1.8: sh->first_mb_in_slice: 0 
1.7: sh->slice_type: 5 
1.2: sh->pic_parameter_set_id: 0 
1.1: sh->frame_num: 91 
3.8: sh->pic_order_cnt_lsb: 182 
4.6: sh->num_ref_idx_active_override_flag: 0 
4.5: sh->rplr.ref_pic_list_reordering_flag_l0: 0 
4.4: sh->drpm.adaptive_ref_pic_marking_mode_flag: 0 
4.3: sh->cabac_init_idc: 0 
4.2: sh->slice_qp_delta: 0 
4.1: sh->disable_deblocking_filter_idc: 0 
5.8: sh->slice_alpha_c0_offset_div2: 0 
5.7: sh->slice_beta_offset_div2: 0 
!! Found NAL at offset 228447 (0x37C5F), size 3536 (0x0DD0) 
0.8: forbidden_zero_bit: 0 
0.7: nal->nal_ref_idc: 2 
0.5: nal->nal_unit_type: 1 
1.8: sh->first_mb_in_slice: 0 
1.7: sh->slice_type: 5 
1.2: sh->pic_parameter_set_id: 0 
1.1: sh->frame_num: 92 
3.8: sh->pic_order_cnt_lsb: 184 
4.6: sh->num_ref_idx_active_override_flag: 0 
4.5: sh->rplr.ref_pic_list_reordering_flag_l0: 0 
4.4: sh->drpm.adaptive_ref_pic_marking_mode_flag: 0 
4.3: sh->cabac_init_idc: 0 
4.2: sh->slice_qp_delta: 0 
4.1: sh->disable_deblocking_filter_idc: 0 
5.8: sh->slice_alpha_c0_offset_div2: 0 
5.7: sh->slice_beta_offset_div2: 0 
!! Found NAL at offset 231987 (0x38A33), size 3523 (0x0DC3) 
0.8: forbidden_zero_bit: 0 
0.7: nal->nal_ref_idc: 2 
0.5: nal->nal_unit_type: 1 
1.8: sh->first_mb_in_slice: 0 
1.7: sh->slice_type: 5 
1.2: sh->pic_parameter_set_id: 0 
1.1: sh->frame_num: 93 
3.8: sh->pic_order_cnt_lsb: 186 
4.6: sh->num_ref_idx_active_override_flag: 0 
4.5: sh->rplr.ref_pic_list_reordering_flag_l0: 0 
4.4: sh->drpm.adaptive_ref_pic_marking_mode_flag: 0 
4.3: sh->cabac_init_idc: 0 
4.2: sh->slice_qp_delta: 0 
4.1: sh->disable_deblocking_filter_idc: 0 
5.8: sh->slice_alpha_c0_offset_div2: 0 
5.7: sh->slice_beta_offset_div2: 0 
!! Found NAL at offset 235514 (0x397FA), size 3578 (0x0DFA) 
0.8: forbidden_zero_bit: 0 
0.7: nal->nal_ref_idc: 2 
0.5: nal->nal_unit_type: 1 
1.8: sh->first_mb_in_slice: 0 
1.7: sh->slice_type: 5 
1.2: sh->pic_parameter_set_id: 0 
1.1: sh->frame_num: 94 
3.8: sh->pic_order_cnt_lsb: 188 
4.6: sh->num_ref_idx_active_override_flag: 0 
4.5: sh->rplr.ref_pic_list_reordering_flag_l0: 0 
4.4: sh->drpm.adaptive_ref_pic_marking_mode_flag: 0 
4.3: sh->cabac_init_idc: 0 
4.2: sh->slice_qp_delta: 0 
4.1: sh->disable_deblocking_filter_idc: 0 
5.8: sh->slice_alpha_c0_offset_div2: 0 
5.7: sh->slice_beta_offset_div2: 0 
!! Found NAL at offset 239096 (0x3A5F8), size 2929 (0x0B71) 
0.8: forbidden_zero_bit: 0 
0.7: nal->nal_ref_idc: 2 
0.5: nal->nal_unit_type: 1 
1.8: sh->first_mb_in_slice: 0 
1.7: sh->slice_type: 5 
1.2: sh->pic_parameter_set_id: 0 
1.1: sh->frame_num: 95 
3.8: sh->pic_order_cnt_lsb: 190 
4.6: sh->num_ref_idx_active_override_flag: 0 
4.5: sh->rplr.ref_pic_list_reordering_flag_l0: 0 
4.4: sh->drpm.adaptive_ref_pic_marking_mode_flag: 0 
4.3: sh->cabac_init_idc: 0 
4.2: sh->slice_qp_delta: 0 
4.1: sh->disable_deblocking_filter_idc: 0 
5.8: sh->slice_alpha_c0_offset_div2: 0 
5.7: sh->slice_beta_offset_div2: 0 
!! Found NAL at offset 242029 (0x3B16D), size 2265 (0x08D9) 
0.8: forbidden_zero_bit: 0 
0.7: nal->nal_ref_idc: 2 
0.5: nal->nal_unit_type: 1 
1.8: sh->first_mb_in_slice: 0 
1.7: sh->slice_type: 5 
1.2: sh->pic_parameter_set_id: 0 
1.1: sh->frame_num: 96 
3.8: sh->pic_order_cnt_lsb: 192 
4.6: sh->num_ref_idx_active_override_flag: 0 
4.5: sh->rplr.ref_pic_list_reordering_flag_l0: 0 
4.4: sh->drpm.adaptive_ref_pic_marking_mode_flag: 0 
4.3: sh->cabac_init_idc: 0 
4.2: sh->slice_qp_delta: 0 
4.1: sh->disable_deblocking_filter_idc: 0 
5.8: sh->slice_alpha_c0_offset_div2: 0 
5.7: sh->slice_beta_offset_div2: 0 
!! Found NAL at offset 244298 (0x3BA4A), size 2144 (0x0860) 
0.8: forbidden_zero_bit: 0 
0.7: nal->nal_ref_idc: 2 
0.5: nal->nal_unit_type: 1 
1.8: sh->first_mb_in_slice: 0 
1.7: sh->slice_type: 5 
1.2: sh->pic_parameter_set_id: 0 
1.1: sh->frame_num: 97 
3.8: sh->pic_order_cnt_lsb: 194 
4.6: sh->num_ref_idx_active_override_flag: 0 
4.5: sh->rplr.ref_pic_list_reordering_flag_l0: 0 
4.4: sh->drpm.adaptive_ref_pic_marking_mode_flag: 0 
4.3: sh->cabac_init_idc: 0 
4.2: sh->slice_qp_delta: 0 
4.1: sh->disable_deblocking_filter_idc: 0 
5.8: sh->slice_alpha_c0_offset_div2: 0 
5.7: sh->slice_beta_offset_div2: 0 
!! Found NAL at offset 246446 (0x3C2AE), size 1942 (0x0796) 
0.8: forbidden_zero_bit: 0 
0.7: nal->nal_ref_idc: 2 
0.5: nal->nal_unit_type: 1 
1.8: sh->first_mb_in_slice: 0 
1.7: sh->slice_type: 5 
1.2: sh->pic_parameter_set_id: 0 
1.1: sh->frame_num: 98 
3.8: sh->pic_order_cnt_lsb: 196 
4.6: sh->num_ref_idx_active_override_flag: 0 
4.5: sh->rplr.ref_pic_list_reordering_flag_l0: 0 
4.4: sh->drpm.adaptive_ref_pic_marking_mode_flag: 0 
4.3: sh->cabac_init_idc: 0 
4.2: sh->slice_qp_delta: 0 
4.1: sh->disable_deblocking_filter_idc: 0 
5.8: sh->slice_alpha_c0_offset_div2: 0 
5.7: sh->slice_beta_offset_div2: 0 
