!! Found NAL at offset 4 (0x0004), size 159 (0x009F) 
0.8: forbidden_zero_bit: 0 
0.7: nal->nal_ref_idc: 0 
0.5: nal->nal_unit_type: 6 
!! Found NAL at offset 167 (0x00A7), size 27 (0x001B) 
0.8: forbidden_zero_bit: 0 
0.7: nal->nal_ref_idc: 3 
0.5: nal->nal_unit_type: 7 
1.8: sps->profile_idc: 100 
2.8: sps->constraint_set0_flag: 0 
2.7: sps->constraint_set1_flag: 0 
2.6: sps->constraint_set2_flag: 0 
2.5: sps->constraint_set3_flag: 0 
2.4: sps->constraint_set4_flag: 0 
2.3: sps->constraint_set5_flag: 0 
2.2: reserved_zero_2bits: 0 
3.8: sps->level_idc: 21 
4.8: sps->seq_parameter_set_id: 0 
4.7: sps->chroma_format_idc: 1 
4.4: sps->bit_depth_luma_minus8: 0 
4.3: sps->bit_depth_chroma_minus8: 0 
4.2: sps->qpprime_y_zero_transform_bypass_flag: 0 
4.1: sps->seq_scaling_matrix_present_flag: 0 
5.8: sps->log2_max_frame_num_minus4: 12 
5.1: sps->pic_order_cnt_type: 0 
6.8: sps->log2_max_pic_order_cnt_lsb_minus4: 4 
6.3: sps->num_ref_frames: 4 
7.6: sps->gaps_in_frame_num_value_allowed_flag: 1 
7.5: sps->pic_width_in_mbs_minus1: 29 
8.4: sps->pic_height_in_map_units_minus1: 22 
9.3: sps->frame_mbs_only_flag: 1 
9.2: sps->direct_8x8_inference_flag: 1 
9.1: sps->frame_cropping_flag: 1 
10.8: sps->frame_crop_left_offset: 0 
10.7: sps->frame_crop_right_offset: 0 
10.6: sps->frame_crop_top_offset: 0 
10.5: sps->frame_crop_bottom_offset: 4 
11.8: sps->vui_parameters_present_flag: 1 
11.7: sps->vui.aspect_ratio_info_present_flag: 1 
11.6: sps->vui.aspect_ratio_idc: 1 
12.6: sps->vui.overscan_info_present_flag: 0 
12.5: sps->vui.video_signal_type_present_flag: 1 
12.4: sps->vui.video_format: 1 
12.1: sps->vui.video_full_range_flag: 0 
13.8: sps->vui.colour_description_present_flag: 0 
13.7: sps->vui.chroma_loc_info_present_flag: 0 
13.6: sps->vui.timing_info_present_flag: 1 
13.5: sps->vui.num_units_in_tick: 1 
17.5: sps->vui.time_scale: 48 
21.5: sps->vui.fixed_frame_rate_flag: 1 
21.4: sps->vui.nal_hrd_parameters_present_flag: 0 
21.3: sps->vui.vcl_hrd_parameters_present_flag: 0 
21.2: sps->vui.pic_struct_present_flag: 0 
21.1: sps->vui.bitstream_restriction_flag: 1 
22.8: sps->vui.motion_vectors_over_pic_boundaries_flag: 1 
22.7: sps->vui.max_bytes_per_pic_denom: 2 
22.4: sps->vui.max_bits_per_mb_denom: 1 
22.1: sps->vui.log2_max_mv_length_horizontal: 9 
23.2: sps->vui.log2_max_mv_length_vertical: 9 
24.3: sps->vui.num_reorder_frames: 2 
25.8: sps->vui.max_dec_frame_buffering: 5 
25.3: rbsp_stop_one_bit: 1 
25.2: rbsp_alignment_zero_bit: 0 
25.1: rbsp_alignment_zero_bit: 0 
!! Found NAL at offset 198 (0x00C6), size 28 (0x001C) 
0.8: forbidden_zero_bit: 0 
0.7: nal->nal_ref_idc: 3 
0.5: nal->nal_unit_type: 15 
1.8: sps->profile_idc: 86 
2.8: sps->constraint_set0_flag: 0 
2.7: sps->constraint_set1_flag: 0 
2.6: sps->constraint_set2_flag: 0 
2.5: sps->constraint_set3_flag: 0 
2.4: sps->constraint_set4_flag: 0 
2.3: sps->constraint_set5_flag: 0 
2.2: reserved_zero_2bits: 0 
3.8: sps->level_idc: 21 
4.8: sps->seq_parameter_set_id: 0 
4.7: sps->chroma_format_idc: 1 
4.4: sps->bit_depth_luma_minus8: 0 
4.3: sps->bit_depth_chroma_minus8: 0 
4.2: sps->qpprime_y_zero_transform_bypass_flag: 0 
4.1: sps->seq_scaling_matrix_present_flag: 0 
5.8: sps->log2_max_frame_num_minus4: 12 
5.1: sps->pic_order_cnt_type: 0 
6.8: sps->log2_max_pic_order_cnt_lsb_minus4: 4 
6.3: sps->num_ref_frames: 4 
7.6: sps->gaps_in_frame_num_value_allowed_flag: 1 
7.5: sps->pic_width_in_mbs_minus1: 29 
8.4: sps->pic_height_in_map_units_minus1: 22 
9.3: sps->frame_mbs_only_flag: 1 
9.2: sps->direct_8x8_inference_flag: 1 
9.1: sps->frame_cropping_flag: 1 
10.8: sps->frame_crop_left_offset: 0 
10.7: sps->frame_crop_right_offset: 0 
10.6: sps->frame_crop_top_offset: 0 
10.5: sps->frame_crop_bottom_offset: 4 
11.8: sps->vui_parameters_present_flag: 1 
11.7: sps->vui.aspect_ratio_info_present_flag: 1 
11.6: sps->vui.aspect_ratio_idc: 1 
12.6: sps->vui.overscan_info_present_flag: 0 
12.5: sps->vui.video_signal_type_present_flag: 1 
12.4: sps->vui.video_format: 1 
12.1: sps->vui.video_full_range_flag: 0 
13.8: sps->vui.colour_description_present_flag: 0 
13.7: sps->vui.chroma_loc_info_present_flag: 0 
13.6: sps->vui.timing_info_present_flag: 1 
13.5: sps->vui.num_units_in_tick: 1 
17.5: sps->vui.time_scale: 48 
21.5: sps->vui.fixed_frame_rate_flag: 1 
21.4: sps->vui.nal_hrd_parameters_present_flag: 0 
21.3: sps->vui.vcl_hrd_parameters_present_flag: 0 
21.2: sps->vui.pic_struct_present_flag: 0 
21.1: sps->vui.bitstream_restriction_flag: 1 
22.8: sps->vui.motion_vectors_over_pic_boundaries_flag: 1 
22.7: sps->vui.max_bytes_per_pic_denom: 2 
22.4: sps->vui.max_bits_per_mb_denom: 1 
22.1: sps->vui.log2_max_mv_length_horizontal: 9 
23.2: sps->vui.log2_max_mv_length_vertical: 9 
24.3: sps->vui.num_reorder_frames: 2 
25.8: sps->vui.max_dec_frame_buffering: 5 
25.3: sps_svc_ext->inter_layer_deblocking_filter_control_present_flag: 1 
25.2: sps_svc_ext->extended_spatial_scalability_idc: 0 
26.8: sps_svc_ext->chroma_phase_x_plus1_flag: 0 
26.7: sps_svc_ext->chroma_phase_y_plus1: 1 
26.5: sps_svc_ext->seq_tcoeff_level_prediction_flag: 0 
26.4: sps_svc_ext->slice_header_restriction_flag: 0 
26.3: sps_svc_ext->svc_vui_parameters_present_flag: 0 
26.2: sps_subset->additional_extension2_flag: 0 
26.1: rbsp_stop_one_bit: 1 
!! Found NAL at offset 230 (0x00E6), size 30 (0x001E) 
0.8: forbidden_zero_bit: 0 
0.7: nal->nal_ref_idc: 3 
0.5: nal->nal_unit_type: 15 
1.8: sps->profile_idc: 86 
2.8: sps->constraint_set0_flag: 0 
2.7: sps->constraint_set1_flag: 0 
2.6: sps->constraint_set2_flag: 0 
2.5: sps->constraint_set3_flag: 0 
2.4: sps->constraint_set4_flag: 0 
2.3: sps->constraint_set5_flag: 0 
2.2: reserved_zero_2bits: 0 
3.8: sps->level_idc: 21 
4.8: sps->seq_parameter_set_id: 1 
4.5: sps->chroma_format_idc: 1 
4.2: sps->bit_depth_luma_minus8: 0 
4.1: sps->bit_depth_chroma_minus8: 0 
5.8: sps->qpprime_y_zero_transform_bypass_flag: 0 
5.7: sps->seq_scaling_matrix_present_flag: 0 
5.6: sps->log2_max_frame_num_minus4: 12 
6.7: sps->pic_order_cnt_type: 0 
6.6: sps->log2_max_pic_order_cnt_lsb_minus4: 4 
6.1: sps->num_ref_frames: 4 
7.4: sps->gaps_in_frame_num_value_allowed_flag: 1 
7.3: sps->pic_width_in_mbs_minus1: 29 
8.2: sps->pic_height_in_map_units_minus1: 22 
9.1: sps->frame_mbs_only_flag: 1 
10.8: sps->direct_8x8_inference_flag: 1 
10.7: sps->frame_cropping_flag: 1 
10.6: sps->frame_crop_left_offset: 0 
10.5: sps->frame_crop_right_offset: 0 
10.4: sps->frame_crop_top_offset: 0 
10.3: sps->frame_crop_bottom_offset: 4 
11.6: sps->vui_parameters_present_flag: 1 
11.5: sps->vui.aspect_ratio_info_present_flag: 1 
11.4: sps->vui.aspect_ratio_idc: 1 
12.4: sps->vui.overscan_info_present_flag: 0 
12.3: sps->vui.video_signal_type_present_flag: 1 
12.2: sps->vui.video_format: 1 
13.7: sps->vui.video_full_range_flag: 0 
13.6: sps->vui.colour_description_present_flag: 0 
13.5: sps->vui.chroma_loc_info_present_flag: 0 
13.4: sps->vui.timing_info_present_flag: 1 
13.3: sps->vui.num_units_in_tick: 1 
17.3: sps->vui.time_scale: 48 
21.3: sps->vui.fixed_frame_rate_flag: 1 
21.2: sps->vui.nal_hrd_parameters_present_flag: 0 
21.1: sps->vui.vcl_hrd_parameters_present_flag: 0 
22.8: sps->vui.pic_struct_present_flag: 0 
22.7: sps->vui.bitstream_restriction_flag: 1 
22.6: sps->vui.motion_vectors_over_pic_boundaries_flag: 1 
22.5: sps->vui.max_bytes_per_pic_denom: 2 
22.2: sps->vui.max_bits_per_mb_denom: 1 
23.7: sps->vui.log2_max_mv_length_horizontal: 9 
24.8: sps->vui.log2_max_mv_length_vertical: 9 
24.1: sps->vui.num_reorder_frames: 2 
25.6: sps->vui.max_dec_frame_buffering: 5 
25.1: sps_svc_ext->inter_layer_deblocking_filter_control_present_flag: 1 
26.8: sps_svc_ext->extended_spatial_scalability_idc: 0 
26.6: sps_svc_ext->chroma_phase_x_plus1_flag: 0 
26.5: sps_svc_ext->chroma_phase_y_plus1: 1 
26.3: sps_svc_ext->seq_tcoeff_level_prediction_flag: 0 
26.2: sps_svc_ext->slice_header_restriction_flag: 0 
26.1: sps_svc_ext->svc_vui_parameters_present_flag: 0 
27.8: sps_subset->additional_extension2_flag: 0 
27.7: rbsp_stop_one_bit: 1 
27.6: rbsp_alignment_zero_bit: 0 
27.5: rbsp_alignment_zero_bit: 0 
27.4: rbsp_alignment_zero_bit: 0 
27.3: rbsp_alignment_zero_bit: 0 
27.2: rbsp_alignment_zero_bit: 0 
27.1: rbsp_alignment_zero_bit: 0 
!! Found NAL at offset 264 (0x0108), size 5 (0x0005) 
0.8: forbidden_zero_bit: 0 
0.7: nal->nal_ref_idc: 3 
0.5: nal->nal_unit_type: 8 
1.8: pps->pic_parameter_set_id: 0 
1.7: pps->seq_parameter_set_id: 0 
1.6: pps->entropy_coding_mode_flag: 1 
1.5: pps->pic_order_present_flag: 0 
1.4: pps->num_slice_groups_minus1: 0 
1.3: pps->num_ref_idx_l0_active_minus1: 3 
2.6: pps->num_ref_idx_l1_active_minus1: 3 
2.1: pps->weighted_pred_flag: 0 
3.8: pps->weighted_bipred_idc: 0 
3.6: pps->pic_init_qp_minus26: 0 
3.5: pps->pic_init_qs_minus26: 0 
3.4: pps->chroma_qp_index_offset: 1 
3.1: pps->deblocking_filter_control_present_flag: 1 
4.8: pps->constrained_intra_pred_flag: 1 
4.7: pps->redundant_pic_cnt_present_flag: 0 
4.6: pps->transform_8x8_mode_flag: 1 
4.5: pps->pic_scaling_matrix_present_flag: 0 
4.4: pps->second_chroma_qp_index_offset: 1 
4.1: rbsp_stop_one_bit: 1 
!! Found NAL at offset 273 (0x0111), size 6 (0x0006) 
0.8: forbidden_zero_bit: 0 
0.7: nal->nal_ref_idc: 3 
0.5: nal->nal_unit_type: 8 
1.8: pps->pic_parameter_set_id: 1 
1.5: pps->seq_parameter_set_id: 0 
1.4: pps->entropy_coding_mode_flag: 1 
1.3: pps->pic_order_present_flag: 0 
1.2: pps->num_slice_groups_minus1: 0 
1.1: pps->num_ref_idx_l0_active_minus1: 3 
2.4: pps->num_ref_idx_l1_active_minus1: 3 
3.7: pps->weighted_pred_flag: 0 
3.6: pps->weighted_bipred_idc: 0 
3.4: pps->pic_init_qp_minus26: 0 
3.3: pps->pic_init_qs_minus26: 0 
3.2: pps->chroma_qp_index_offset: 1 
4.7: pps->deblocking_filter_control_present_flag: 1 
4.6: pps->constrained_intra_pred_flag: 1 
4.5: pps->redundant_pic_cnt_present_flag: 0 
4.4: pps->transform_8x8_mode_flag: 1 
4.3: pps->pic_scaling_matrix_present_flag: 0 
4.2: pps->second_chroma_qp_index_offset: 1 
5.7: rbsp_stop_one_bit: 1 
5.6: rbsp_alignment_zero_bit: 0 
5.5: rbsp_alignment_zero_bit: 0 
5.4: rbsp_alignment_zero_bit: 0 
5.3: rbsp_alignment_zero_bit: 0 
5.2: rbsp_alignment_zero_bit: 0 
5.1: rbsp_alignment_zero_bit: 0 
!! Found NAL at offset 283 (0x011B), size 6 (0x0006) 
0.8: forbidden_zero_bit: 0 
0.7: nal->nal_ref_idc: 3 
0.5: nal->nal_unit_type: 8 
1.8: pps->pic_parameter_set_id: 2 
1.5: pps->seq_parameter_set_id: 1 
1.2: pps->entropy_coding_mode_flag: 1 
1.1: pps->pic_order_present_flag: 0 
2.8: pps->num_slice_groups_minus1: 0 
2.7: pps->num_ref_idx_l0_active_minus1: 3 
2.2: pps->num_ref_idx_l1_active_minus1: 3 
3.5: pps->weighted_pred_flag: 0 
3.4: pps->weighted_bipred_idc: 0 
3.2: pps->pic_init_qp_minus26: 0 
3.1: pps->pic_init_qs_minus26: 0 
4.8: pps->chroma_qp_index_offset: 1 
4.5: pps->deblocking_filter_control_present_flag: 1 
4.4: pps->constrained_intra_pred_flag: 0 
4.3: pps->redundant_pic_cnt_present_flag: 0 
4.2: pps->transform_8x8_mode_flag: 1 
4.1: pps->pic_scaling_matrix_present_flag: 0 
5.8: pps->second_chroma_qp_index_offset: 1 
5.5: rbsp_stop_one_bit: 1 
5.4: rbsp_alignment_zero_bit: 0 
5.3: rbsp_alignment_zero_bit: 0 
5.2: rbsp_alignment_zero_bit: 0 
5.1: rbsp_alignment_zero_bit: 0 
!! Found NAL at offset 293 (0x0125), size 5 (0x0005) 
0.8: forbidden_zero_bit: 0 
0.7: nal->nal_ref_idc: 3 
0.5: nal->nal_unit_type: 14 
1.8: nal->svc_extension_flag: 1 
1.7: nal_svc_ext->idr_flag: 1 
1.6: nal_svc_ext->priority_id: 0 
2.8: nal_svc_ext->no_inter_layer_pred_flag: 1 
2.7: nal_svc_ext->dependency_id: 0 
2.4: nal_svc_ext->quality_id: 0 
3.8: nal_svc_ext->temporal_id: 0 
3.5: nal_svc_ext->use_ref_base_pic_flag: 0 
3.4: nal_svc_ext->discardable_flag: 0 
3.3: nal_svc_ext->output_flag: 1 
3.2: nal_svc_ext->reserved_three_2bits: 3 
4.8: nal->prefix_nal_svc->store_ref_base_pic_flag: 0 
4.7: nal->prefix_nal_svc->additional_prefix_nal_unit_extension_flag: 0 
4.6: rbsp_stop_one_bit: 1 
4.5: rbsp_alignment_zero_bit: 0 
4.4: rbsp_alignment_zero_bit: 0 
4.3: rbsp_alignment_zero_bit: 0 
4.2: rbsp_alignment_zero_bit: 0 
4.1: rbsp_alignment_zero_bit: 0 
!! Found NAL at offset 302 (0x012E), size 11867 (0x2E5B) 
0.8: forbidden_zero_bit: 0 
0.7: nal->nal_ref_idc: 3 
0.5: nal->nal_unit_type: 5 
1.8: sh->first_mb_in_slice: 0 
1.7: sh->slice_type: 7 
2.8: sh->pic_parameter_set_id: 0 
2.7: sh->frame_num: 0 
4.7: sh->idr_pic_id: 0 
4.6: sh->pic_order_cnt_lsb: 0 
5.6: sh->drpm.no_output_of_prior_pics_flag: 0 
5.5: sh->drpm.long_term_reference_flag: 0 
5.4: sh->slice_qp_delta: 4 
6.5: sh->disable_deblocking_filter_idc: 0 
6.4: sh->slice_alpha_c0_offset_div2: -1 
6.1: sh->slice_beta_offset_div2: -1 
!! Found NAL at offset 12173 (0x2F8D), size 299 (0x012B) 
0.8: forbidden_zero_bit: 0 
0.7: nal->nal_ref_idc: 3 
0.5: nal->nal_unit_type: 20 
1.8: nal->svc_extension_flag: 1 
1.7: nal_svc_ext->idr_flag: 1 
1.6: nal_svc_ext->priority_id: 0 
2.8: nal_svc_ext->no_inter_layer_pred_flag: 0 
2.7: nal_svc_ext->dependency_id: 1 
2.4: nal_svc_ext->quality_id: 0 
3.8: nal_svc_ext->temporal_id: 0 
3.5: nal_svc_ext->use_ref_base_pic_flag: 0 
3.4: nal_svc_ext->discardable_flag: 0 
3.3: nal_svc_ext->output_flag: 1 
3.2: nal_svc_ext->reserved_three_2bits: 3 
4.8: sh->first_mb_in_slice: 0 
4.7: sh->slice_type: 7 
5.8: sh->pic_parameter_set_id: 1 
5.5: sh->frame_num: 0 
7.5: sh->pic_order_cnt_lsb: 128 
8.5: sh->drpm.adaptive_ref_pic_marking_mode_flag: 0 
8.4: sh_svc_ext->store_ref_base_pic_flag: 0 
8.3: sh->slice_qp_delta: 29 
10.8: sh->disable_deblocking_filter_idc: 0 
10.7: sh->slice_alpha_c0_offset_div2: 0 
10.6: sh->slice_beta_offset_div2: -1 
10.3: sh_svc_ext->ref_layer_dq_id: 0 
10.2: sh_svc_ext->disable_inter_layer_deblocking_filter_idc: 0 
10.1: sh_svc_ext->inter_layer_slice_alpha_c0_offset_div2: -1 
11.6: sh_svc_ext->inter_layer_slice_beta_offset_div2: -1 
11.3: sh_svc_ext->constrained_intra_resampling_flag: 0 
11.2: sh_svc_ext->slice_skip_flag: 0 
11.1: sh_svc_ext->adaptive_base_mode_flag: 1 
12.8: sh_svc_ext->adaptive_motion_prediction_flag: 1 
12.7: sh_svc_ext->adaptive_residual_prediction_flag: 1 
12.6: sh_svc_ext->scan_idx_start: 0 
12.2: sh_svc_ext->scan_idx_end: 15 
!! Found NAL at offset 12476 (0x30BC), size 13450 (0x348A) 
0.8: forbidden_zero_bit: 0 
0.7: nal->nal_ref_idc: 3 
0.5: nal->nal_unit_type: 20 
1.8: nal->svc_extension_flag: 1 
1.7: nal_svc_ext->idr_flag: 1 
1.6: nal_svc_ext->priority_id: 0 
2.8: nal_svc_ext->no_inter_layer_pred_flag: 0 
2.7: nal_svc_ext->dependency_id: 2 
2.4: nal_svc_ext->quality_id: 0 
3.8: nal_svc_ext->temporal_id: 0 
3.5: nal_svc_ext->use_ref_base_pic_flag: 0 
3.4: nal_svc_ext->discardable_flag: 1 
3.3: nal_svc_ext->output_flag: 1 
3.2: nal_svc_ext->reserved_three_2bits: 3 
4.8: sh->first_mb_in_slice: 0 
4.7: sh->slice_type: 7 
5.8: sh->pic_parameter_set_id: 2 
5.5: sh->frame_num: 0 
7.5: sh->pic_order_cnt_lsb: 128 
8.5: sh->drpm.adaptive_ref_pic_marking_mode_flag: 0 
8.4: sh_svc_ext->store_ref_base_pic_flag: 0 
8.3: sh->slice_qp_delta: 11 
9.2: sh->disable_deblocking_filter_idc: 0 
9.1: sh->slice_alpha_c0_offset_div2: 0 
10.8: sh->slice_beta_offset_div2: -1 
10.5: sh_svc_ext->ref_layer_dq_id: 16 
11.4: sh_svc_ext->disable_inter_layer_deblocking_filter_idc: 0 
11.3: sh_svc_ext->inter_layer_slice_alpha_c0_offset_div2: -1 
12.8: sh_svc_ext->inter_layer_slice_beta_offset_div2: -1 
12.5: sh_svc_ext->constrained_intra_resampling_flag: 0 
12.4: sh_svc_ext->slice_skip_flag: 0 
12.3: sh_svc_ext->adaptive_base_mode_flag: 1 
12.2: sh_svc_ext->adaptive_motion_prediction_flag: 1 
12.1: sh_svc_ext->adaptive_residual_prediction_flag: 1 
13.8: sh_svc_ext->scan_idx_start: 0 
13.4: sh_svc_ext->scan_idx_end: 15 
!! Found NAL at offset 25930 (0x654A), size 5 (0x0005) 
0.8: forbidden_zero_bit: 0 
0.7: nal->nal_ref_idc: 2 
0.5: nal->nal_unit_type: 14 
1.8: nal->svc_extension_flag: 1 
1.7: nal_svc_ext->idr_flag: 0 
1.6: nal_svc_ext->priority_id: 0 
2.8: nal_svc_ext->no_inter_layer_pred_flag: 1 
2.7: nal_svc_ext->dependency_id: 0 
2.4: nal_svc_ext->quality_id: 0 
3.8: nal_svc_ext->temporal_id: 0 
3.5: nal_svc_ext->use_ref_base_pic_flag: 0 
3.4: nal_svc_ext->discardable_flag: 0 
3.3: nal_svc_ext->output_flag: 1 
3.2: nal_svc_ext->reserved_three_2bits: 3 
4.8: nal->prefix_nal_svc->store_ref_base_pic_flag: 0 
4.7: nal->prefix_nal_svc->additional_prefix_nal_unit_extension_flag: 0 
4.6: rbsp_stop_one_bit: 1 
4.5: rbsp_alignment_zero_bit: 0 
4.4: rbsp_alignment_zero_bit: 0 
4.3: rbsp_alignment_zero_bit: 0 
4.2: rbsp_alignment_zero_bit: 0 
4.1: rbsp_alignment_zero_bit: 0 
!! Found NAL at offset 25939 (0x6553), size 6839 (0x1AB7) 
0.8: forbidden_zero_bit: 0 
0.7: nal->nal_ref_idc: 2 
0.5: nal->nal_unit_type: 1 
1.8: sh->first_mb_in_slice: 0 
1.7: sh->slice_type: 5 
1.2: sh->pic_parameter_set_id: 0 
1.1: sh->frame_num: 1 
3.1: sh->pic_order_cnt_lsb: 8 
4.1: sh->num_ref_idx_active_override_flag: 1 
5.8: sh->num_ref_idx_l0_active_minus1: 0 
5.7: sh->rplr.ref_pic_list_reordering_flag_l0: 1 
5.6: sh->rplr.reorder_l0.reordering_of_pic_nums_idc[ n ]: 0 
5.5: sh->rplr.reorder_l0.abs_diff_pic_num_minus1[ n ]: 0 
5.4: sh->rplr.reorder_l0.reordering_of_pic_nums_idc[ n ]: 3 
6.7: sh->drpm.adaptive_ref_pic_marking_mode_flag: 0 
6.6: sh->cabac_init_idc: 0 
6.5: sh->slice_qp_delta: 9 
7.4: sh->disable_deblocking_filter_idc: 0 
7.3: sh->slice_alpha_c0_offset_div2: -1 
8.8: sh->slice_beta_offset_div2: -1 
!! Found NAL at offset 32782 (0x800E), size 174 (0x00AE) 
0.8: forbidden_zero_bit: 0 
0.7: nal->nal_ref_idc: 2 
0.5: nal->nal_unit_type: 20 
1.8: nal->svc_extension_flag: 1 
1.7: nal_svc_ext->idr_flag: 0 
1.6: nal_svc_ext->priority_id: 0 
2.8: nal_svc_ext->no_inter_layer_pred_flag: 0 
2.7: nal_svc_ext->dependency_id: 1 
2.4: nal_svc_ext->quality_id: 0 
3.8: nal_svc_ext->temporal_id: 0 
3.5: nal_svc_ext->use_ref_base_pic_flag: 0 
3.4: nal_svc_ext->discardable_flag: 0 
3.3: nal_svc_ext->output_flag: 1 
3.2: nal_svc_ext->reserved_three_2bits: 3 
4.8: sh->first_mb_in_slice: 0 
4.7: sh->slice_type: 5 
4.2: sh->pic_parameter_set_id: 1 
5.7: sh->frame_num: 1 
7.7: sh->pic_order_cnt_lsb: 8 
8.7: sh->num_ref_idx_active_override_flag: 1 
8.6: sh->num_ref_idx_l0_active_minus1: 0 
8.5: sh->rplr.ref_pic_list_reordering_flag_l0: 1 
8.4: sh->rplr.reorder_l0.reordering_of_pic_nums_idc[ n ]: 0 
8.3: sh->rplr.reorder_l0.abs_diff_pic_num_minus1[ n ]: 0 
8.2: sh->rplr.reorder_l0.reordering_of_pic_nums_idc[ n ]: 3 
9.5: sh->drpm.adaptive_ref_pic_marking_mode_flag: 0 
9.4: sh_svc_ext->store_ref_base_pic_flag: 0 
9.3: sh->cabac_init_idc: 0 
9.2: sh->slice_qp_delta: 16 
11.7: sh->disable_deblocking_filter_idc: 0 
11.6: sh->slice_alpha_c0_offset_div2: -1 
11.3: sh->slice_beta_offset_div2: -1 
12.8: sh_svc_ext->ref_layer_dq_id: 0 
12.7: sh_svc_ext->disable_inter_layer_deblocking_filter_idc: 0 
12.6: sh_svc_ext->inter_layer_slice_alpha_c0_offset_div2: -1 
12.3: sh_svc_ext->inter_layer_slice_beta_offset_div2: -1 
13.8: sh_svc_ext->constrained_intra_resampling_flag: 0 
13.7: sh_svc_ext->slice_skip_flag: 0 
13.6: sh_svc_ext->adaptive_base_mode_flag: 1 
13.5: sh_svc_ext->adaptive_motion_prediction_flag: 1 
13.4: sh_svc_ext->adaptive_residual_prediction_flag: 1 
13.3: sh_svc_ext->scan_idx_start: 0 
14.7: sh_svc_ext->scan_idx_end: 15 
!! Found NAL at offset 32960 (0x80C0), size 194 (0x00C2) 
0.8: forbidden_zero_bit: 0 
0.7: nal->nal_ref_idc: 2 
0.5: nal->nal_unit_type: 20 
1.8: nal->svc_extension_flag: 1 
1.7: nal_svc_ext->idr_flag: 0 
1.6: nal_svc_ext->priority_id: 0 
2.8: nal_svc_ext->no_inter_layer_pred_flag: 0 
2.7: nal_svc_ext->dependency_id: 2 
2.4: nal_svc_ext->quality_id: 0 
3.8: nal_svc_ext->temporal_id: 0 
3.5: nal_svc_ext->use_ref_base_pic_flag: 0 
3.4: nal_svc_ext->discardable_flag: 1 
3.3: nal_svc_ext->output_flag: 1 
3.2: nal_svc_ext->reserved_three_2bits: 3 
4.8: sh->first_mb_in_slice: 0 
4.7: sh->slice_type: 5 
4.2: sh->pic_parameter_set_id: 2 
5.7: sh->frame_num: 1 
7.7: sh->pic_order_cnt_lsb: 8 
8.7: sh->num_ref_idx_active_override_flag: 1 
8.6: sh->num_ref_idx_l0_active_minus1: 0 
8.5: sh->rplr.ref_pic_list_reordering_flag_l0: 1 
8.4: sh->rplr.reorder_l0.reordering_of_pic_nums_idc[ n ]: 0 
8.3: sh->rplr.reorder_l0.abs_diff_pic_num_minus1[ n ]: 0 
8.2: sh->rplr.reorder_l0.reordering_of_pic_nums_idc[ n ]: 3 
9.5: sh->drpm.adaptive_ref_pic_marking_mode_flag: 0 
9.4: sh_svc_ext->store_ref_base_pic_flag: 0 
9.3: sh->cabac_init_idc: 0 
9.2: sh->slice_qp_delta: 12 
10.1: sh->disable_deblocking_filter_idc: 0 
11.8: sh->slice_alpha_c0_offset_div2: -1 
11.5: sh->slice_beta_offset_div2: -1 
11.2: sh_svc_ext->ref_layer_dq_id: 16 
12.1: sh_svc_ext->disable_inter_layer_deblocking_filter_idc: 0 
13.8: sh_svc_ext->inter_layer_slice_alpha_c0_offset_div2: -1 
13.5: sh_svc_ext->inter_layer_slice_beta_offset_div2: -1 
13.2: sh_svc_ext->constrained_intra_resampling_flag: 0 
13.1: sh_svc_ext->slice_skip_flag: 0 
14.8: sh_svc_ext->adaptive_base_mode_flag: 1 
14.7: sh_svc_ext->adaptive_motion_prediction_flag: 1 
14.6: sh_svc_ext->adaptive_residual_prediction_flag: 1 
14.5: sh_svc_ext->scan_idx_start: 0 
14.1: sh_svc_ext->scan_idx_end: 15 
!! Found NAL at offset 33158 (0x8186), size 5 (0x0005) 
0.8: forbidden_zero_bit: 0 
0.7: nal->nal_ref_idc: 2 
0.5: nal->nal_unit_type: 14 
1.8: nal->svc_extension_flag: 1 
1.7: nal_svc_ext->idr_flag: 0 
1.6: nal_svc_ext->priority_id: 0 
2.8: nal_svc_ext->no_inter_layer_pred_flag: 1 
2.7: nal_svc_ext->dependency_id: 0 
2.4: nal_svc_ext->quality_id: 0 
3.8: nal_svc_ext->temporal_id: 1 
3.5: nal_svc_ext->use_ref_base_pic_flag: 0 
3.4: nal_svc_ext->discardable_flag: 0 
3.3: nal_svc_ext->output_flag: 1 
3.2: nal_svc_ext->reserved_three_2bits: 3 
4.8: nal->prefix_nal_svc->store_ref_base_pic_flag: 0 
4.7: nal->prefix_nal_svc->additional_prefix_nal_unit_extension_flag: 0 
4.6: rbsp_stop_one_bit: 1 
4.5: rbsp_alignment_zero_bit: 0 
4.4: rbsp_alignment_zero_bit: 0 
4.3: rbsp_alignment_zero_bit: 0 
4.2: rbsp_alignment_zero_bit: 0 
4.1: rbsp_alignment_zero_bit: 0 
!! Found NAL at offset 33167 (0x818F), size 2504 (0x09C8) 
0.8: forbidden_zero_bit: 0 
0.7: nal->nal_ref_idc: 2 
0.5: nal->nal_unit_type: 1 
1.8: sh->first_mb_in_slice: 0 
1.7: sh->slice_type: 6 
1.2: sh->pic_parameter_set_id: 0 
1.1: sh->frame_num: 2 
3.1: sh->pic_order_cnt_lsb: 4 
4.1: sh->direct_spatial_mv_pred_flag: 1 
5.8: sh->num_ref_idx_active_override_flag: 1 
5.7: sh->num_ref_idx_l0_active_minus1: 0 
5.6: sh->num_ref_idx_l1_active_minus1: 0 
5.5: sh->rplr.ref_pic_list_reordering_flag_l0: 1 
5.4: sh->rplr.reorder_l0.reordering_of_pic_nums_idc[ n ]: 0 
5.3: sh->rplr.reorder_l0.abs_diff_pic_num_minus1[ n ]: 1 
6.8: sh->rplr.reorder_l0.reordering_of_pic_nums_idc[ n ]: 3 
6.3: sh->rplr.ref_pic_list_reordering_flag_l1: 1 
6.2: sh->rplr.reorder_l1.reordering_of_pic_nums_idc[ n ]: 0 
6.1: sh->rplr.reorder_l1.abs_diff_pic_num_minus1[ n ]: 0 
7.8: sh->rplr.reorder_l1.reordering_of_pic_nums_idc[ n ]: 3 
7.3: sh->drpm.adaptive_ref_pic_marking_mode_flag: 0 
7.2: sh->cabac_init_idc: 0 
7.1: sh->slice_qp_delta: 16 
9.6: sh->disable_deblocking_filter_idc: 0 
9.5: sh->slice_alpha_c0_offset_div2: -1 
9.2: sh->slice_beta_offset_div2: -1 
!! Found NAL at offset 35675 (0x8B5B), size 646 (0x0286) 
0.8: forbidden_zero_bit: 0 
0.7: nal->nal_ref_idc: 2 
0.5: nal->nal_unit_type: 20 
1.8: nal->svc_extension_flag: 1 
1.7: nal_svc_ext->idr_flag: 0 
1.6: nal_svc_ext->priority_id: 0 
2.8: nal_svc_ext->no_inter_layer_pred_flag: 0 
2.7: nal_svc_ext->dependency_id: 1 
2.4: nal_svc_ext->quality_id: 0 
3.8: nal_svc_ext->temporal_id: 1 
3.5: nal_svc_ext->use_ref_base_pic_flag: 0 
3.4: nal_svc_ext->discardable_flag: 0 
3.3: nal_svc_ext->output_flag: 1 
3.2: nal_svc_ext->reserved_three_2bits: 3 
4.8: sh->first_mb_in_slice: 0 
4.7: sh->slice_type: 6 
4.2: sh->pic_parameter_set_id: 1 
5.7: sh->frame_num: 2 
7.7: sh->pic_order_cnt_lsb: 4 
8.7: sh->direct_spatial_mv_pred_flag: 1 
8.6: sh->num_ref_idx_active_override_flag: 1 
8.5: sh->num_ref_idx_l0_active_minus1: 0 
8.4: sh->num_ref_idx_l1_active_minus1: 0 
8.3: sh->rplr.ref_pic_list_reordering_flag_l0: 1 
8.2: sh->rplr.reorder_l0.reordering_of_pic_nums_idc[ n ]: 0 
8.1: sh->rplr.reorder_l0.abs_diff_pic_num_minus1[ n ]: 1 
9.6: sh->rplr.reorder_l0.reordering_of_pic_nums_idc[ n ]: 3 
9.1: sh->rplr.ref_pic_list_reordering_flag_l1: 1 
10.8: sh->rplr.reorder_l1.reordering_of_pic_nums_idc[ n ]: 0 
10.7: sh->rplr.reorder_l1.abs_diff_pic_num_minus1[ n ]: 0 
10.6: sh->rplr.reorder_l1.reordering_of_pic_nums_idc[ n ]: 3 
10.1: sh->drpm.adaptive_ref_pic_marking_mode_flag: 0 
11.8: sh_svc_ext->store_ref_base_pic_flag: 0 
11.7: sh->cabac_init_idc: 0 
11.6: sh->slice_qp_delta: 15 
12.5: sh->disable_deblocking_filter_idc: 0 
12.4: sh->slice_alpha_c0_offset_div2: -1 
12.1: sh->slice_beta_offset_div2: -1 
13.6: sh_svc_ext->ref_layer_dq_id: 0 
13.5: sh_svc_ext->disable_inter_layer_deblocking_filter_idc: 0 
13.4: sh_svc_ext->inter_layer_slice_alpha_c0_offset_div2: -1 
13.1: sh_svc_ext->inter_layer_slice_beta_offset_div2: -1 
14.6: sh_svc_ext->constrained_intra_resampling_flag: 0 
14.5: sh_svc_ext->slice_skip_flag: 0 
14.4: sh_svc_ext->adaptive_base_mode_flag: 1 
14.3: sh_svc_ext->adaptive_motion_prediction_flag: 1 
14.2: sh_svc_ext->adaptive_residual_prediction_flag: 1 
14.1: sh_svc_ext->scan_idx_start: 0 
15.5: sh_svc_ext->scan_idx_end: 15 
!! Found NAL at offset 36325 (0x8DE5), size 2727 (0x0AA7) 
0.8: forbidden_zero_bit: 0 
0.7: nal->nal_ref_idc: 2 
0.5: nal->nal_unit_type: 20 
1.8: nal->svc_extension_flag: 1 
1.7: nal_svc_ext->idr_flag: 0 
1.6: nal_svc_ext->priority_id: 0 
2.8: nal_svc_ext->no_inter_layer_pred_flag: 0 
2.7: nal_svc_ext->dependency_id: 2 
2.4: nal_svc_ext->quality_id: 0 
3.8: nal_svc_ext->temporal_id: 1 
3.5: nal_svc_ext->use_ref_base_pic_flag: 0 
3.4: nal_svc_ext->discardable_flag: 1 
3.3: nal_svc_ext->output_flag: 1 
3.2: nal_svc_ext->reserved_three_2bits: 3 
4.8: sh->first_mb_in_slice: 0 
4.7: sh->slice_type: 6 
4.2: sh->pic_parameter_set_id: 2 
5.7: sh->frame_num: 2 
7.7: sh->pic_order_cnt_lsb: 4 
8.7: sh->direct_spatial_mv_pred_flag: 1 
8.6: sh->num_ref_idx_active_override_flag: 1 
8.5: sh->num_ref_idx_l0_active_minus1: 0 
8.4: sh->num_ref_idx_l1_active_minus1: 0 
8.3: sh->rplr.ref_pic_list_reordering_flag_l0: 1 
8.2: sh->rplr.reorder_l0.reordering_of_pic_nums_idc[ n ]: 0 
8.1: sh->rplr.reorder_l0.abs_diff_pic_num_minus1[ n ]: 1 
9.6: sh->rplr.reorder_l0.reordering_of_pic_nums_idc[ n ]: 3 
9.1: sh->rplr.ref_pic_list_reordering_flag_l1: 1 
10.8: sh->rplr.reorder_l1.reordering_of_pic_nums_idc[ n ]: 0 
10.7: sh->rplr.reorder_l1.abs_diff_pic_num_minus1[ n ]: 0 
10.6: sh->rplr.reorder_l1.reordering_of_pic_nums_idc[ n ]: 3 
10.1: sh->drpm.adaptive_ref_pic_marking_mode_flag: 0 
11.8: sh_svc_ext->store_ref_base_pic_flag: 0 
11.7: sh->cabac_init_idc: 0 
11.6: sh->slice_qp_delta: 11 
12.5: sh->disable_deblocking_filter_idc: 0 
12.4: sh->slice_alpha_c0_offset_div2: -1 
12.1: sh->slice_beta_offset_div2: -1 
13.6: sh_svc_ext->ref_layer_dq_id: 16 
14.5: sh_svc_ext->disable_inter_layer_deblocking_filter_idc: 0 
14.4: sh_svc_ext->inter_layer_slice_alpha_c0_offset_div2: -1 
14.1: sh_svc_ext->inter_layer_slice_beta_offset_div2: -1 
15.6: sh_svc_ext->constrained_intra_resampling_flag: 0 
15.5: sh_svc_ext->slice_skip_flag: 0 
15.4: sh_svc_ext->adaptive_base_mode_flag: 1 
15.3: sh_svc_ext->adaptive_motion_prediction_flag: 1 
15.2: sh_svc_ext->adaptive_residual_prediction_flag: 1 
15.1: sh_svc_ext->scan_idx_start: 0 
16.5: sh_svc_ext->scan_idx_end: 15 
!! Found NAL at offset 39056 (0x9890), size 4 (0x0004) 
0.8: forbidden_zero_bit: 0 
0.7: nal->nal_ref_idc: 0 
0.5: nal->nal_unit_type: 14 
1.8: nal->svc_extension_flag: 1 
1.7: nal_svc_ext->idr_flag: 0 
1.6: nal_svc_ext->priority_id: 0 
2.8: nal_svc_ext->no_inter_layer_pred_flag: 1 
2.7: nal_svc_ext->dependency_id: 0 
2.4: nal_svc_ext->quality_id: 0 
3.8: nal_svc_ext->temporal_id: 2 
3.5: nal_svc_ext->use_ref_base_pic_flag: 0 
3.4: nal_svc_ext->discardable_flag: 0 
3.3: nal_svc_ext->output_flag: 1 
3.2: nal_svc_ext->reserved_three_2bits: 3 
4.8: rbsp_stop_one_bit: 0 
4.7: rbsp_alignment_zero_bit: 0 
4.6: rbsp_alignment_zero_bit: 0 
4.5: rbsp_alignment_zero_bit: 0 
4.4: rbsp_alignment_zero_bit: 0 
4.3: rbsp_alignment_zero_bit: 0 
4.2: rbsp_alignment_zero_bit: 0 
4.1: rbsp_alignment_zero_bit: 0 
!! Found NAL at offset 39064 (0x9898), size 832 (0x0340) 
0.8: forbidden_zero_bit: 0 
0.7: nal->nal_ref_idc: 0 
0.5: nal->nal_unit_type: 1 
1.8: sh->first_mb_in_slice: 0 
1.7: sh->slice_type: 6 
1.2: sh->pic_parameter_set_id: 0 
1.1: sh->frame_num: 3 
3.1: sh->pic_order_cnt_lsb: 2 
4.1: sh->direct_spatial_mv_pred_flag: 1 
5.8: sh->num_ref_idx_active_override_flag: 1 
5.7: sh->num_ref_idx_l0_active_minus1: 0 
5.6: sh->num_ref_idx_l1_active_minus1: 0 
5.5: sh->rplr.ref_pic_list_reordering_flag_l0: 1 
5.4: sh->rplr.reorder_l0.reordering_of_pic_nums_idc[ n ]: 0 
5.3: sh->rplr.reorder_l0.abs_diff_pic_num_minus1[ n ]: 2 
6.8: sh->rplr.reorder_l0.reordering_of_pic_nums_idc[ n ]: 3 
6.3: sh->rplr.ref_pic_list_reordering_flag_l1: 1 
6.2: sh->rplr.reorder_l1.reordering_of_pic_nums_idc[ n ]: 0 
6.1: sh->rplr.reorder_l1.abs_diff_pic_num_minus1[ n ]: 0 
7.8: sh->rplr.reorder_l1.reordering_of_pic_nums_idc[ n ]: 3 
7.3: sh->cabac_init_idc: 0 
7.2: sh->slice_qp_delta: 21 
9.7: sh->disable_deblocking_filter_idc: 0 
9.6: sh->slice_alpha_c0_offset_div2: -1 
9.3: sh->slice_beta_offset_div2: -1 
!! Found NAL at offset 39900 (0x9BDC), size 280 (0x0118) 
0.8: forbidden_zero_bit: 0 
0.7: nal->nal_ref_idc: 0 
0.5: nal->nal_unit_type: 20 
1.8: nal->svc_extension_flag: 1 
1.7: nal_svc_ext->idr_flag: 0 
1.6: nal_svc_ext->priority_id: 0 
2.8: nal_svc_ext->no_inter_layer_pred_flag: 0 
2.7: nal_svc_ext->dependency_id: 1 
2.4: nal_svc_ext->quality_id: 0 
3.8: nal_svc_ext->temporal_id: 2 
3.5: nal_svc_ext->use_ref_base_pic_flag: 0 
3.4: nal_svc_ext->discardable_flag: 0 
3.3: nal_svc_ext->output_flag: 1 
3.2: nal_svc_ext->reserved_three_2bits: 3 
4.8: sh->first_mb_in_slice: 0 
4.7: sh->slice_type: 6 
4.2: sh->pic_parameter_set_id: 1 
5.7: sh->frame_num: 3 
7.7: sh->pic_order_cnt_lsb: 2 
8.7: sh->direct_spatial_mv_pred_flag: 1 
8.6: sh->num_ref_idx_active_override_flag: 1 
8.5: sh->num_ref_idx_l0_active_minus1: 0 
8.4: sh->num_ref_idx_l1_active_minus1: 0 
8.3: sh->rplr.ref_pic_list_reordering_flag_l0: 1 
8.2: sh->rplr.reorder_l0.reordering_of_pic_nums_idc[ n ]: 0 
8.1: sh->rplr.reorder_l0.abs_diff_pic_num_minus1[ n ]: 2 
9.6: sh->rplr.reorder_l0.reordering_of_pic_nums_idc[ n ]: 3 
9.1: sh->rplr.ref_pic_list_reordering_flag_l1: 1 
10.8: sh->rplr.reorder_l1.reordering_of_pic_nums_idc[ n ]: 0 
10.7: sh->rplr.reorder_l1.abs_diff_pic_num_minus1[ n ]: 0 
10.6: sh->rplr.reorder_l1.reordering_of_pic_nums_idc[ n ]: 3 
10.1: sh->cabac_init_idc: 0 
11.8: sh->slice_qp_delta: 20 
12.5: sh->disable_deblocking_filter_idc: 0 
12.4: sh->slice_alpha_c0_offset_div2: -1 
12.1: sh->slice_beta_offset_div2: -1 
13.6: sh_svc_ext->ref_layer_dq_id: 0 
13.5: sh_svc_ext->disable_inter_layer_deblocking_filter_idc: 0 
13.4: sh_svc_ext->inter_layer_slice_alpha_c0_offset_div2: -1 
13.1: sh_svc_ext->inter_layer_slice_beta_offset_div2: -1 
14.6: sh_svc_ext->constrained_intra_resampling_flag: 0 
14.5: sh_svc_ext->slice_skip_flag: 0 
14.4: sh_svc_ext->adaptive_base_mode_flag: 1 
14.3: sh_svc_ext->adaptive_motion_prediction_flag: 1 
14.2: sh_svc_ext->adaptive_residual_prediction_flag: 1 
14.1: sh_svc_ext->scan_idx_start: 0 
15.5: sh_svc_ext->scan_idx_end: 15 
!! Found NAL at offset 40184 (0x9CF8), size 1313 (0x0521) 
0.8: forbidden_zero_bit: 0 
0.7: nal->nal_ref_idc: 0 
0.5: nal->nal_unit_type: 20 
1.8: nal->svc_extension_flag: 1 
1.7: nal_svc_ext->idr_flag: 0 
1.6: nal_svc_ext->priority_id: 0 
2.8: nal_svc_ext->no_inter_layer_pred_flag: 0 
2.7: nal_svc_ext->dependency_id: 2 
2.4: nal_svc_ext->quality_id: 0 
3.8: nal_svc_ext->temporal_id: 2 
3.5: nal_svc_ext->use_ref_base_pic_flag: 0 
3.4: nal_svc_ext->discardable_flag: 1 
3.3: nal_svc_ext->output_flag: 1 
3.2: nal_svc_ext->reserved_three_2bits: 3 
4.8: sh->first_mb_in_slice: 0 
4.7: sh->slice_type: 6 
4.2: sh->pic_parameter_set_id: 2 
5.7: sh->frame_num: 3 
7.7: sh->pic_order_cnt_lsb: 2 
8.7: sh->direct_spatial_mv_pred_flag: 1 
8.6: sh->num_ref_idx_active_override_flag: 1 
8.5: sh->num_ref_idx_l0_active_minus1: 0 
8.4: sh->num_ref_idx_l1_active_minus1: 0 
8.3: sh->rplr.ref_pic_list_reordering_flag_l0: 1 
8.2: sh->rplr.reorder_l0.reordering_of_pic_nums_idc[ n ]: 0 
8.1: sh->rplr.reorder_l0.abs_diff_pic_num_minus1[ n ]: 2 
9.6: sh->rplr.reorder_l0.reordering_of_pic_nums_idc[ n ]: 3 
9.1: sh->rplr.ref_pic_list_reordering_flag_l1: 1 
10.8: sh->rplr.reorder_l1.reordering_of_pic_nums_idc[ n ]: 0 
10.7: sh->rplr.reorder_l1.abs_diff_pic_num_minus1[ n ]: 0 
10.6: sh->rplr.reorder_l1.reordering_of_pic_nums_idc[ n ]: 3 
10.1: sh->cabac_init_idc: 0 
11.8: sh->slice_qp_delta: 15 
12.7: sh->disable_deblocking_filter_idc: 0 
12.6: sh->slice_alpha_c0_offset_div2: -1 
12.3: sh->slice_beta_offset_div2: -1 
13.8: sh_svc_ext->ref_layer_dq_id: 16 
14.7: sh_svc_ext->disable_inter_layer_deblocking_filter_idc: 0 
14.6: sh_svc_ext->inter_layer_slice_alpha_c0_offset_div2: -1 
14.3: sh_svc_ext->inter_layer_slice_beta_offset_div2: -1 
15.8: sh_svc_ext->constrained_intra_resampling_flag: 0 
15.7: sh_svc_ext->slice_skip_flag: 0 
15.6: sh_svc_ext->adaptive_base_mode_flag: 1 
15.5: sh_svc_ext->adaptive_motion_prediction_flag: 1 
15.4: sh_svc_ext->adaptive_residual_prediction_flag: 1 
15.3: sh_svc_ext->scan_idx_start: 0 
16.7: sh_svc_ext->scan_idx_end: 15 
!! Found NAL at offset 41501 (0xA21D), size 4 (0x0004) 
0.8: forbidden_zero_bit: 0 
0.7: nal->nal_ref_idc: 0 
0.5: nal->nal_unit_type: 14 
1.8: nal->svc_extension_flag: 1 
1.7: nal_svc_ext->idr_flag: 0 
1.6: nal_svc_ext->priority_id: 0 
2.8: nal_svc_ext->no_inter_layer_pred_flag: 1 
2.7: nal_svc_ext->dependency_id: 0 
2.4: nal_svc_ext->quality_id: 0 
3.8: nal_svc_ext->temporal_id: 2 
3.5: nal_svc_ext->use_ref_base_pic_flag: 0 
3.4: nal_svc_ext->discardable_flag: 0 
3.3: nal_svc_ext->output_flag: 1 
3.2: nal_svc_ext->reserved_three_2bits: 3 
4.8: rbsp_stop_one_bit: 0 
4.7: rbsp_alignment_zero_bit: 0 
4.6: rbsp_alignment_zero_bit: 0 
4.5: rbsp_alignment_zero_bit: 0 
4.4: rbsp_alignment_zero_bit: 0 
4.3: rbsp_alignment_zero_bit: 0 
4.2: rbsp_alignment_zero_bit: 0 
4.1: rbsp_alignment_zero_bit: 0 
!! Found NAL at offset 41509 (0xA225), size 854 (0x0356) 
0.8: forbidden_zero_bit: 0 
0.7: nal->nal_ref_idc: 0 
0.5: nal->nal_unit_type: 1 
1.8: sh->first_mb_in_slice: 0 
1.7: sh->slice_type: 6 
1.2: sh->pic_parameter_set_id: 0 
1.1: sh->frame_num: 3 
3.1: sh->pic_order_cnt_lsb: 6 
4.1: sh->direct_spatial_mv_pred_flag: 1 
5.8: sh->num_ref_idx_active_override_flag: 1 
5.7: sh->num_ref_idx_l0_active_minus1: 0 
5.6: sh->num_ref_idx_l1_active_minus1: 0 
5.5: sh->rplr.ref_pic_list_reordering_flag_l0: 1 
5.4: sh->rplr.reorder_l0.reordering_of_pic_nums_idc[ n ]: 0 
5.3: sh->rplr.reorder_l0.abs_diff_pic_num_minus1[ n ]: 0 
5.2: sh->rplr.reorder_l0.reordering_of_pic_nums_idc[ n ]: 3 
6.5: sh->rplr.ref_pic_list_reordering_flag_l1: 1 
6.4: sh->rplr.reorder_l1.reordering_of_pic_nums_idc[ n ]: 0 
6.3: sh->rplr.reorder_l1.abs_diff_pic_num_minus1[ n ]: 1 
7.8: sh->rplr.reorder_l1.reordering_of_pic_nums_idc[ n ]: 3 
7.3: sh->cabac_init_idc: 0 
7.2: sh->slice_qp_delta: 21 
9.7: sh->disable_deblocking_filter_idc: 0 
9.6: sh->slice_alpha_c0_offset_div2: -1 
9.3: sh->slice_beta_offset_div2: -1 
!! Found NAL at offset 42367 (0xA57F), size 260 (0x0104) 
0.8: forbidden_zero_bit: 0 
0.7: nal->nal_ref_idc: 0 
0.5: nal->nal_unit_type: 20 
1.8: nal->svc_extension_flag: 1 
1.7: nal_svc_ext->idr_flag: 0 
1.6: nal_svc_ext->priority_id: 0 
2.8: nal_svc_ext->no_inter_layer_pred_flag: 0 
2.7: nal_svc_ext->dependency_id: 1 
2.4: nal_svc_ext->quality_id: 0 
3.8: nal_svc_ext->temporal_id: 2 
3.5: nal_svc_ext->use_ref_base_pic_flag: 0 
3.4: nal_svc_ext->discardable_flag: 0 
3.3: nal_svc_ext->output_flag: 1 
3.2: nal_svc_ext->reserved_three_2bits: 3 
4.8: sh->first_mb_in_slice: 0 
4.7: sh->slice_type: 6 
4.2: sh->pic_parameter_set_id: 1 
5.7: sh->frame_num: 3 
7.7: sh->pic_order_cnt_lsb: 6 
8.7: sh->direct_spatial_mv_pred_flag: 1 
8.6: sh->num_ref_idx_active_override_flag: 1 
8.5: sh->num_ref_idx_l0_active_minus1: 0 
8.4: sh->num_ref_idx_l1_active_minus1: 0 
8.3: sh->rplr.ref_pic_list_reordering_flag_l0: 1 
8.2: sh->rplr.reorder_l0.reordering_of_pic_nums_idc[ n ]: 0 
8.1: sh->rplr.reorder_l0.abs_diff_pic_num_minus1[ n ]: 0 
9.8: sh->rplr.reorder_l0.reordering_of_pic_nums_idc[ n ]: 3 
9.3: sh->rplr.ref_pic_list_reordering_flag_l1: 1 
9.2: sh->rplr.reorder_l1.reordering_of_pic_nums_idc[ n ]: 0 
9.1: sh->rplr.reorder_l1.abs_diff_pic_num_minus1[ n ]: 1 
10.6: sh->rplr.reorder_l1.reordering_of_pic_nums_idc[ n ]: 3 
10.1: sh->cabac_init_idc: 0 
11.8: sh->slice_qp_delta: 20 
12.5: sh->disable_deblocking_filter_idc: 0 
12.4: sh->slice_alpha_c0_offset_div2: -1 
12.1: sh->slice_beta_offset_div2: -1 
13.6: sh_svc_ext->ref_layer_dq_id: 0 
13.5: sh_svc_ext->disable_inter_layer_deblocking_filter_idc: 0 
13.4: sh_svc_ext->inter_layer_slice_alpha_c0_offset_div2: -1 
13.1: sh_svc_ext->inter_layer_slice_beta_offset_div2: -1 
14.6: sh_svc_ext->constrained_intra_resampling_flag: 0 
14.5: sh_svc_ext->slice_skip_flag: 0 
14.4: sh_svc_ext->adaptive_base_mode_flag: 1 
14.3: sh_svc_ext->adaptive_motion_prediction_flag: 1 
14.2: sh_svc_ext->adaptive_residual_prediction_flag: 1 
14.1: sh_svc_ext->scan_idx_start: 0 
15.5: sh_svc_ext->scan_idx_end: 15 
!! Found NAL at offset 42631 (0xA687), size 1019 (0x03FB) 
0.8: forbidden_zero_bit: 0 
0.7: nal->nal_ref_idc: 0 
0.5: nal->nal_unit_type: 20 
1.8: nal->svc_extension_flag: 1 
1.7: nal_svc_ext->idr_flag: 0 
1.6: nal_svc_ext->priority_id: 0 
2.8: nal_svc_ext->no_inter_layer_pred_flag: 0 
2.7: nal_svc_ext->dependency_id: 2 
2.4: nal_svc_ext->quality_id: 0 
3.8: nal_svc_ext->temporal_id: 2 
3.5: nal_svc_ext->use_ref_base_pic_flag: 0 
3.4: nal_svc_ext->discardable_flag: 1 
3.3: nal_svc_ext->output_flag: 1 
3.2: nal_svc_ext->reserved_three_2bits: 3 
4.8: sh->first_mb_in_slice: 0 
4.7: sh->slice_type: 6 
4.2: sh->pic_parameter_set_id: 2 
5.7: sh->frame_num: 3 
7.7: sh->pic_order_cnt_lsb: 6 
8.7: sh->direct_spatial_mv_pred_flag: 1 
8.6: sh->num_ref_idx_active_override_flag: 1 
8.5: sh->num_ref_idx_l0_active_minus1: 0 
8.4: sh->num_ref_idx_l1_active_minus1: 0 
8.3: sh->rplr.ref_pic_list_reordering_flag_l0: 1 
8.2: sh->rplr.reorder_l0.reordering_of_pic_nums_idc[ n ]: 0 
8.1: sh->rplr.reorder_l0.abs_diff_pic_num_minus1[ n ]: 0 
9.8: sh->rplr.reorder_l0.reordering_of_pic_nums_idc[ n ]: 3 
9.3: sh->rplr.ref_pic_list_reordering_flag_l1: 1 
9.2: sh->rplr.reorder_l1.reordering_of_pic_nums_idc[ n ]: 0 
9.1: sh->rplr.reorder_l1.abs_diff_pic_num_minus1[ n ]: 1 
10.6: sh->rplr.reorder_l1.reordering_of_pic_nums_idc[ n ]: 3 
10.1: sh->cabac_init_idc: 0 
11.8: sh->slice_qp_delta: 16 
12.5: sh->disable_deblocking_filter_idc: 0 
12.4: sh->slice_alpha_c0_offset_div2: -1 
12.1: sh->slice_beta_offset_div2: -1 
13.6: sh_svc_ext->ref_layer_dq_id: 16 
14.5: sh_svc_ext->disable_inter_layer_deblocking_filter_idc: 0 
14.4: sh_svc_ext->inter_layer_slice_alpha_c0_offset_div2: -1 
14.1: sh_svc_ext->inter_layer_slice_beta_offset_div2: -1 
15.6: sh_svc_ext->constrained_intra_resampling_flag: 0 
15.5: sh_svc_ext->slice_skip_flag: 0 
15.4: sh_svc_ext->adaptive_base_mode_flag: 1 
15.3: sh_svc_ext->adaptive_motion_prediction_flag: 1 
15.2: sh_svc_ext->adaptive_residual_prediction_flag: 1 
15.1: sh_svc_ext->scan_idx_start: 0 
16.5: sh_svc_ext->scan_idx_end: 15 
!! Found NAL at offset 43654 (0xAA86), size 5 (0x0005) 
0.8: forbidden_zero_bit: 0 
0.7: nal->nal_ref_idc: 2 
0.5: nal->nal_unit_type: 14 
1.8: nal->svc_extension_flag: 1 
1.7: nal_svc_ext->idr_flag: 0 
1.6: nal_svc_ext->priority_id: 0 
2.8: nal_svc_ext->no_inter_layer_pred_flag: 1 
2.7: nal_svc_ext->dependency_id: 0 
2.4: nal_svc_ext->quality_id: 0 
3.8: nal_svc_ext->temporal_id: 0 
3.5: nal_svc_ext->use_ref_base_pic_flag: 0 
3.4: nal_svc_ext->discardable_flag: 0 
3.3: nal_svc_ext->output_flag: 1 
3.2: nal_svc_ext->reserved_three_2bits: 3 
4.8: nal->prefix_nal_svc->store_ref_base_pic_flag: 0 
4.7: nal->prefix_nal_svc->additional_prefix_nal_unit_extension_flag: 0 
4.6: rbsp_stop_one_bit: 1 
4.5: rbsp_alignment_zero_bit: 0 
4.4: rbsp_alignment_zero_bit: 0 
4.3: rbsp_alignment_zero_bit: 0 
4.2: rbsp_alignment_zero_bit: 0 
4.1: rbsp_alignment_zero_bit: 0 
!! Found NAL at offset 43663 (0xAA8F), size 2019 (0x07E3) 
0.8: forbidden_zero_bit: 0 
0.7: nal->nal_ref_idc: 2 
0.5: nal->nal_unit_type: 1 
1.8: sh->first_mb_in_slice: 0 
1.7: sh->slice_type: 5 
1.2: sh->pic_parameter_set_id: 0 
1.1: sh->frame_num: 3 
3.1: sh->pic_order_cnt_lsb: 16 
4.1: sh->num_ref_idx_active_override_flag: 1 
5.8: sh->num_ref_idx_l0_active_minus1: 1 
5.5: sh->rplr.ref_pic_list_reordering_flag_l0: 1 
5.4: sh->rplr.reorder_l0.reordering_of_pic_nums_idc[ n ]: 0 
5.3: sh->rplr.reorder_l0.abs_diff_pic_num_minus1[ n ]: 1 
6.8: sh->rplr.reorder_l0.reordering_of_pic_nums_idc[ n ]: 0 
6.7: sh->rplr.reorder_l0.abs_diff_pic_num_minus1[ n ]: 0 
6.6: sh->rplr.reorder_l0.reordering_of_pic_nums_idc[ n ]: 3 
6.1: sh->drpm.adaptive_ref_pic_marking_mode_flag: 0 
7.8: sh->cabac_init_idc: 0 
7.7: sh->slice_qp_delta: 18 
8.4: sh->disable_deblocking_filter_idc: 0 
8.3: sh->slice_alpha_c0_offset_div2: -1 
9.8: sh->slice_beta_offset_div2: -1 
!! Found NAL at offset 45686 (0xB276), size 324 (0x0144) 
0.8: forbidden_zero_bit: 0 
0.7: nal->nal_ref_idc: 2 
0.5: nal->nal_unit_type: 20 
1.8: nal->svc_extension_flag: 1 
1.7: nal_svc_ext->idr_flag: 0 
1.6: nal_svc_ext->priority_id: 0 
2.8: nal_svc_ext->no_inter_layer_pred_flag: 0 
2.7: nal_svc_ext->dependency_id: 1 
2.4: nal_svc_ext->quality_id: 0 
3.8: nal_svc_ext->temporal_id: 0 
3.5: nal_svc_ext->use_ref_base_pic_flag: 0 
3.4: nal_svc_ext->discardable_flag: 0 
3.3: nal_svc_ext->output_flag: 1 
3.2: nal_svc_ext->reserved_three_2bits: 3 
4.8: sh->first_mb_in_slice: 0 
4.7: sh->slice_type: 5 
4.2: sh->pic_parameter_set_id: 1 
5.7: sh->frame_num: 3 
7.7: sh->pic_order_cnt_lsb: 16 
8.7: sh->num_ref_idx_active_override_flag: 1 
8.6: sh->num_ref_idx_l0_active_minus1: 1 
8.3: sh->rplr.ref_pic_list_reordering_flag_l0: 1 
8.2: sh->rplr.reorder_l0.reordering_of_pic_nums_idc[ n ]: 0 
8.1: sh->rplr.reorder_l0.abs_diff_pic_num_minus1[ n ]: 1 
9.6: sh->rplr.reorder_l0.reordering_of_pic_nums_idc[ n ]: 0 
9.5: sh->rplr.reorder_l0.abs_diff_pic_num_minus1[ n ]: 0 
9.4: sh->rplr.reorder_l0.reordering_of_pic_nums_idc[ n ]: 3 
10.7: sh->drpm.adaptive_ref_pic_marking_mode_flag: 0 
10.6: sh_svc_ext->store_ref_base_pic_flag: 0 
10.5: sh->cabac_init_idc: 0 
10.4: sh->slice_qp_delta: 18 
11.1: sh->disable_deblocking_filter_idc: 0 
12.8: sh->slice_alpha_c0_offset_div2: -1 
12.5: sh->slice_beta_offset_div2: -1 
12.2: sh_svc_ext->ref_layer_dq_id: 0 
12.1: sh_svc_ext->disable_inter_layer_deblocking_filter_idc: 0 
13.8: sh_svc_ext->inter_layer_slice_alpha_c0_offset_div2: -1 
13.5: sh_svc_ext->inter_layer_slice_beta_offset_div2: -1 
13.2: sh_svc_ext->constrained_intra_resampling_flag: 0 
13.1: sh_svc_ext->slice_skip_flag: 0 
14.8: sh_svc_ext->adaptive_base_mode_flag: 1 
14.7: sh_svc_ext->adaptive_motion_prediction_flag: 1 
14.6: sh_svc_ext->adaptive_residual_prediction_flag: 1 
14.5: sh_svc_ext->scan_idx_start: 0 
14.1: sh_svc_ext->scan_idx_end: 15 
!! Found NAL at offset 46014 (0xB3BE), size 2943 (0x0B7F) 
0.8: forbidden_zero_bit: 0 
0.7: nal->nal_ref_idc: 2 
0.5: nal->nal_unit_type: 20 
1.8: nal->svc_extension_flag: 1 
1.7: nal_svc_ext->idr_flag: 0 
1.6: nal_svc_ext->priority_id: 0 
2.8: nal_svc_ext->no_inter_layer_pred_flag: 0 
2.7: nal_svc_ext->dependency_id: 2 
2.4: nal_svc_ext->quality_id: 0 
3.8: nal_svc_ext->temporal_id: 0 
3.5: nal_svc_ext->use_ref_base_pic_flag: 0 
3.4: nal_svc_ext->discardable_flag: 1 
3.3: nal_svc_ext->output_flag: 1 
3.2: nal_svc_ext->reserved_three_2bits: 3 
4.8: sh->first_mb_in_slice: 0 
4.7: sh->slice_type: 5 
4.2: sh->pic_parameter_set_id: 2 
5.7: sh->frame_num: 3 
7.7: sh->pic_order_cnt_lsb: 16 
8.7: sh->num_ref_idx_active_override_flag: 1 
8.6: sh->num_ref_idx_l0_active_minus1: 1 
8.3: sh->rplr.ref_pic_list_reordering_flag_l0: 1 
8.2: sh->rplr.reorder_l0.reordering_of_pic_nums_idc[ n ]: 0 
8.1: sh->rplr.reorder_l0.abs_diff_pic_num_minus1[ n ]: 1 
9.6: sh->rplr.reorder_l0.reordering_of_pic_nums_idc[ n ]: 0 
9.5: sh->rplr.reorder_l0.abs_diff_pic_num_minus1[ n ]: 0 
9.4: sh->rplr.reorder_l0.reordering_of_pic_nums_idc[ n ]: 3 
10.7: sh->drpm.adaptive_ref_pic_marking_mode_flag: 0 
10.6: sh_svc_ext->store_ref_base_pic_flag: 0 
10.5: sh->cabac_init_idc: 0 
10.4: sh->slice_qp_delta: 12 
11.3: sh->disable_deblocking_filter_idc: 0 
11.2: sh->slice_alpha_c0_offset_div2: -1 
12.7: sh->slice_beta_offset_div2: -1 
12.4: sh_svc_ext->ref_layer_dq_id: 16 
13.3: sh_svc_ext->disable_inter_layer_deblocking_filter_idc: 0 
13.2: sh_svc_ext->inter_layer_slice_alpha_c0_offset_div2: -1 
14.7: sh_svc_ext->inter_layer_slice_beta_offset_div2: -1 
14.4: sh_svc_ext->constrained_intra_resampling_flag: 0 
14.3: sh_svc_ext->slice_skip_flag: 0 
14.2: sh_svc_ext->adaptive_base_mode_flag: 1 
14.1: sh_svc_ext->adaptive_motion_prediction_flag: 1 
15.8: sh_svc_ext->adaptive_residual_prediction_flag: 1 
15.7: sh_svc_ext->scan_idx_start: 0 
15.3: sh_svc_ext->scan_idx_end: 15 
